[0.056s] Invoking command in '/home/om/gesture_bot/build/cpp_examples': CMAKE_PREFIX_PATH=${CMAKE_PREFIX_PATH}:/home/om/slambot/install/gesture_control:/home/om/slambot/install/ges_control:/opt/ros/humble /usr/bin/cmake /home/om/gesture_bot/src/cpp_examples -DCMAKE_INSTALL_PREFIX=/home/om/gesture_bot/install/cpp_examples
[0.426s] -- The C compiler identification is GNU 11.4.0
[0.426s] -- The CXX compiler identification is GNU 11.4.0
[0.427s] -- Detecting C compiler ABI info
[0.427s] -- Detecting C compiler ABI info - done
[0.427s] -- Check for working C compiler: /usr/bin/cc - skipped
[0.427s] -- Detecting C compile features
[0.427s] -- Detecting C compile features - done
[0.428s] -- Detecting CXX compiler ABI info
[0.584s] -- Detecting CXX compiler ABI info - done
[0.598s] -- Check for working CXX compiler: /usr/bin/c++ - skipped
[0.598s] -- Detecting CXX compile features
[0.598s] -- Detecting CXX compile features - done
[0.623s] -- Found ament_cmake: 1.3.10 (/opt/ros/humble/share/ament_cmake/cmake)
[1.008s] -- Found Python3: /usr/bin/python3 (found version "3.10.12") found components: Interpreter 
[1.208s] -- Found ament_lint_auto: 0.12.11 (/opt/ros/humble/share/ament_lint_auto/cmake)
[1.398s] -- Added test 'cppcheck' to perform static code analysis on C / C++ code
[1.398s] -- Configured cppcheck include dirs: 
[1.398s] -- Configured cppcheck exclude dirs and/or files: 
[1.400s] -- Added test 'lint_cmake' to check CMake code style
[1.402s] -- Added test 'uncrustify' to check C / C++ code style
[1.402s] -- Configured uncrustify additional arguments: 
[1.403s] -- Added test 'xmllint' to check XML markup files
[1.411s] -- Configuring done
[1.413s] -- Generating done
[1.413s] -- Build files have been written to: /home/om/gesture_bot/build/cpp_examples
[1.423s] Invoked command in '/home/om/gesture_bot/build/cpp_examples' returned '0': CMAKE_PREFIX_PATH=${CMAKE_PREFIX_PATH}:/home/om/slambot/install/gesture_control:/home/om/slambot/install/ges_control:/opt/ros/humble /usr/bin/cmake /home/om/gesture_bot/src/cpp_examples -DCMAKE_INSTALL_PREFIX=/home/om/gesture_bot/install/cpp_examples
[1.423s] Invoking command in '/home/om/gesture_bot/build/cpp_examples': CMAKE_PREFIX_PATH=${CMAKE_PREFIX_PATH}:/home/om/slambot/install/gesture_control:/home/om/slambot/install/ges_control:/opt/ros/humble /usr/bin/cmake --build /home/om/gesture_bot/build/cpp_examples -- -j8 -l8
[1.574s] Invoked command in '/home/om/gesture_bot/build/cpp_examples' returned '0': CMAKE_PREFIX_PATH=${CMAKE_PREFIX_PATH}:/home/om/slambot/install/gesture_control:/home/om/slambot/install/ges_control:/opt/ros/humble /usr/bin/cmake --build /home/om/gesture_bot/build/cpp_examples -- -j8 -l8
[1.625s] Invoking command in '/home/om/gesture_bot/build/cpp_examples': CMAKE_PREFIX_PATH=${CMAKE_PREFIX_PATH}:/home/om/slambot/install/gesture_control:/home/om/slambot/install/ges_control:/opt/ros/humble /usr/bin/cmake --install /home/om/gesture_bot/build/cpp_examples
[1.639s] -- Install configuration: ""
[1.639s] -- Installing: /home/om/gesture_bot/install/cpp_examples/share/ament_index/resource_index/package_run_dependencies/cpp_examples
[1.639s] -- Installing: /home/om/gesture_bot/install/cpp_examples/share/ament_index/resource_index/parent_prefix_path/cpp_examples
[1.639s] -- Installing: /home/om/gesture_bot/install/cpp_examples/share/cpp_examples/environment/ament_prefix_path.sh
[1.639s] -- Installing: /home/om/gesture_bot/install/cpp_examples/share/cpp_examples/environment/ament_prefix_path.dsv
[1.639s] -- Installing: /home/om/gesture_bot/install/cpp_examples/share/cpp_examples/environment/path.sh
[1.640s] -- Installing: /home/om/gesture_bot/install/cpp_examples/share/cpp_examples/environment/path.dsv
[1.640s] -- Installing: /home/om/gesture_bot/install/cpp_examples/share/cpp_examples/local_setup.bash
[1.640s] -- Installing: /home/om/gesture_bot/install/cpp_examples/share/cpp_examples/local_setup.sh
[1.640s] -- Installing: /home/om/gesture_bot/install/cpp_examples/share/cpp_examples/local_setup.zsh
[1.640s] -- Installing: /home/om/gesture_bot/install/cpp_examples/share/cpp_examples/local_setup.dsv
[1.640s] -- Installing: /home/om/gesture_bot/install/cpp_examples/share/cpp_examples/package.dsv
[1.640s] -- Installing: /home/om/gesture_bot/install/cpp_examples/share/ament_index/resource_index/packages/cpp_examples
[1.640s] -- Installing: /home/om/gesture_bot/install/cpp_examples/share/cpp_examples/cmake/cpp_examplesConfig.cmake
[1.640s] -- Installing: /home/om/gesture_bot/install/cpp_examples/share/cpp_examples/cmake/cpp_examplesConfig-version.cmake
[1.644s] -- Installing: /home/om/gesture_bot/install/cpp_examples/share/cpp_examples/package.xml
[1.646s] Invoked command in '/home/om/gesture_bot/build/cpp_examples' returned '0': CMAKE_PREFIX_PATH=${CMAKE_PREFIX_PATH}:/home/om/slambot/install/gesture_control:/home/om/slambot/install/ges_control:/opt/ros/humble /usr/bin/cmake --install /home/om/gesture_bot/build/cpp_examples
