running egg_info
creating ../../build/gesture_control/gesture_control.egg-info
writing ../../build/gesture_control/gesture_control.egg-info/PKG-INFO
writing dependency_links to ../../build/gesture_control/gesture_control.egg-info/dependency_links.txt
writing entry points to ../../build/gesture_control/gesture_control.egg-info/entry_points.txt
writing requirements to ../../build/gesture_control/gesture_control.egg-info/requires.txt
writing top-level names to ../../build/gesture_control/gesture_control.egg-info/top_level.txt
writing manifest file '../../build/gesture_control/gesture_control.egg-info/SOURCES.txt'
reading manifest file '../../build/gesture_control/gesture_control.egg-info/SOURCES.txt'
writing manifest file '../../build/gesture_control/gesture_control.egg-info/SOURCES.txt'
running build
running build_py
creating /home/om/gesture_bot/build/gesture_control/build
creating /home/om/gesture_bot/build/gesture_control/build/lib
creating /home/om/gesture_bot/build/gesture_control/build/lib/gesture_control
copying gesture_control/gesture_publisher.py -> /home/om/gesture_bot/build/gesture_control/build/lib/gesture_control
copying gesture_control/gesture.py -> /home/om/gesture_bot/build/gesture_control/build/lib/gesture_control
copying gesture_control/gesture_no_baysian.py -> /home/om/gesture_bot/build/gesture_control/build/lib/gesture_control
copying gesture_control/__init__.py -> /home/om/gesture_bot/build/gesture_control/build/lib/gesture_control
copying gesture_control/gesture_display.py -> /home/om/gesture_bot/build/gesture_control/build/lib/gesture_control
running install
running install_lib
creating /home/om/gesture_bot/install/gesture_control/lib/python3.10/site-packages/gesture_control
copying /home/om/gesture_bot/build/gesture_control/build/lib/gesture_control/gesture_publisher.py -> /home/om/gesture_bot/install/gesture_control/lib/python3.10/site-packages/gesture_control
copying /home/om/gesture_bot/build/gesture_control/build/lib/gesture_control/gesture.py -> /home/om/gesture_bot/install/gesture_control/lib/python3.10/site-packages/gesture_control
copying /home/om/gesture_bot/build/gesture_control/build/lib/gesture_control/gesture_no_baysian.py -> /home/om/gesture_bot/install/gesture_control/lib/python3.10/site-packages/gesture_control
copying /home/om/gesture_bot/build/gesture_control/build/lib/gesture_control/__init__.py -> /home/om/gesture_bot/install/gesture_control/lib/python3.10/site-packages/gesture_control
copying /home/om/gesture_bot/build/gesture_control/build/lib/gesture_control/gesture_display.py -> /home/om/gesture_bot/install/gesture_control/lib/python3.10/site-packages/gesture_control
byte-compiling /home/om/gesture_bot/install/gesture_control/lib/python3.10/site-packages/gesture_control/gesture_publisher.py to gesture_publisher.cpython-310.pyc
byte-compiling /home/om/gesture_bot/install/gesture_control/lib/python3.10/site-packages/gesture_control/gesture.py to gesture.cpython-310.pyc
byte-compiling /home/om/gesture_bot/install/gesture_control/lib/python3.10/site-packages/gesture_control/gesture_no_baysian.py to gesture_no_baysian.cpython-310.pyc
byte-compiling /home/om/gesture_bot/install/gesture_control/lib/python3.10/site-packages/gesture_control/__init__.py to __init__.cpython-310.pyc
byte-compiling /home/om/gesture_bot/install/gesture_control/lib/python3.10/site-packages/gesture_control/gesture_display.py to gesture_display.cpython-310.pyc
running install_data
creating /home/om/gesture_bot/install/gesture_control/share/ament_index
creating /home/om/gesture_bot/install/gesture_control/share/ament_index/resource_index
creating /home/om/gesture_bot/install/gesture_control/share/ament_index/resource_index/packages
copying resource/gesture_control -> /home/om/gesture_bot/install/gesture_control/share/ament_index/resource_index/packages
copying package.xml -> /home/om/gesture_bot/install/gesture_control/share/gesture_control
running install_egg_info
Copying ../../build/gesture_control/gesture_control.egg-info to /home/om/gesture_bot/install/gesture_control/lib/python3.10/site-packages/gesture_control-0.0.0-py3.10.egg-info
running install_scripts
Installing gesture_publisher script to /home/om/gesture_bot/install/gesture_control/lib/gesture_control
writing list of installed files to '/home/om/gesture_bot/build/gesture_control/install.log'
