[0.125s] DEBUG:colcon:Command line arguments: ['/usr/bin/colcon', 'build']
[0.125s] DEBUG:colcon:Parsed command line arguments: Namespace(log_base=None, log_level=None, verb_name='build', build_base='build', install_base='install', merge_install=False, symlink_install=False, test_result_base=None, continue_on_error=False, executor='parallel', parallel_workers=8, event_handlers=None, ignore_user_meta=False, metas=['./colcon.meta'], base_paths=['.'], packages_ignore=None, packages_ignore_regex=None, paths=None, packages_up_to=None, packages_up_to_regex=None, packages_above=None, packages_above_and_dependencies=None, packages_above_depth=None, packages_select_by_dep=None, packages_skip_by_dep=None, packages_skip_up_to=None, packages_select_build_failed=False, packages_skip_build_finished=False, packages_select_test_failures=False, packages_skip_test_passed=False, packages_select=None, packages_skip=None, packages_select_regex=None, packages_skip_regex=None, packages_start=None, packages_end=None, allow_overriding=[], cmake_args=None, cmake_target=None, cmake_target_skip_unavailable=False, cmake_clean_cache=False, cmake_clean_first=False, cmake_force_configure=False, ament_cmake_args=None, catkin_cmake_args=None, catkin_skip_building_tests=False, verb_parser=<colcon_defaults.argument_parser.defaults.DefaultArgumentsDecorator object at 0x79444abd9d80>, verb_extension=<colcon_core.verb.build.BuildVerb object at 0x79444adab3a0>, main=<bound method BuildVerb.main of <colcon_core.verb.build.BuildVerb object at 0x79444adab3a0>>)
[0.324s] Level 1:colcon.colcon_core.package_discovery:discover_packages(colcon_meta) check parameters
[0.325s] Level 1:colcon.colcon_core.package_discovery:discover_packages(recursive) check parameters
[0.325s] Level 1:colcon.colcon_core.package_discovery:discover_packages(ignore) check parameters
[0.325s] Level 1:colcon.colcon_core.package_discovery:discover_packages(path) check parameters
[0.325s] Level 1:colcon.colcon_core.package_discovery:discover_packages(colcon_meta) discover
[0.325s] Level 1:colcon.colcon_core.package_discovery:discover_packages(recursive) discover
[0.325s] INFO:colcon.colcon_core.package_discovery:Crawling recursively for packages in '/home/om/gesture_bot'
[0.325s] Level 1:colcon.colcon_core.package_identification:_identify(.) by extensions ['ignore', 'ignore_ament_install']
[0.325s] Level 1:colcon.colcon_core.package_identification:_identify(.) by extension 'ignore'
[0.325s] Level 1:colcon.colcon_core.package_identification:_identify(.) by extension 'ignore_ament_install'
[0.325s] Level 1:colcon.colcon_core.package_identification:_identify(.) by extensions ['colcon_pkg']
[0.325s] Level 1:colcon.colcon_core.package_identification:_identify(.) by extension 'colcon_pkg'
[0.325s] Level 1:colcon.colcon_core.package_identification:_identify(.) by extensions ['colcon_meta']
[0.325s] Level 1:colcon.colcon_core.package_identification:_identify(.) by extension 'colcon_meta'
[0.325s] Level 1:colcon.colcon_core.package_identification:_identify(.) by extensions ['ros']
[0.325s] Level 1:colcon.colcon_core.package_identification:_identify(.) by extension 'ros'
[0.339s] Level 1:colcon.colcon_core.package_identification:_identify(.) by extensions ['cmake', 'python']
[0.339s] Level 1:colcon.colcon_core.package_identification:_identify(.) by extension 'cmake'
[0.339s] Level 1:colcon.colcon_core.package_identification:_identify(.) by extension 'python'
[0.339s] Level 1:colcon.colcon_core.package_identification:_identify(.) by extensions ['python_setup_py']
[0.339s] Level 1:colcon.colcon_core.package_identification:_identify(.) by extension 'python_setup_py'
[0.339s] Level 1:colcon.colcon_core.package_identification:_identify(build) by extensions ['ignore', 'ignore_ament_install']
[0.339s] Level 1:colcon.colcon_core.package_identification:_identify(build) by extension 'ignore'
[0.339s] Level 1:colcon.colcon_core.package_identification:_identify(build) ignored
[0.339s] Level 1:colcon.colcon_core.package_identification:_identify(install) by extensions ['ignore', 'ignore_ament_install']
[0.340s] Level 1:colcon.colcon_core.package_identification:_identify(install) by extension 'ignore'
[0.340s] Level 1:colcon.colcon_core.package_identification:_identify(install) ignored
[0.340s] Level 1:colcon.colcon_core.package_identification:_identify(log) by extensions ['ignore', 'ignore_ament_install']
[0.340s] Level 1:colcon.colcon_core.package_identification:_identify(log) by extension 'ignore'
[0.340s] Level 1:colcon.colcon_core.package_identification:_identify(log) ignored
[0.340s] Level 1:colcon.colcon_core.package_identification:_identify(src) by extensions ['ignore', 'ignore_ament_install']
[0.340s] Level 1:colcon.colcon_core.package_identification:_identify(src) by extension 'ignore'
[0.340s] Level 1:colcon.colcon_core.package_identification:_identify(src) by extension 'ignore_ament_install'
[0.340s] Level 1:colcon.colcon_core.package_identification:_identify(src) by extensions ['colcon_pkg']
[0.340s] Level 1:colcon.colcon_core.package_identification:_identify(src) by extension 'colcon_pkg'
[0.340s] Level 1:colcon.colcon_core.package_identification:_identify(src) by extensions ['colcon_meta']
[0.340s] Level 1:colcon.colcon_core.package_identification:_identify(src) by extension 'colcon_meta'
[0.340s] Level 1:colcon.colcon_core.package_identification:_identify(src) by extensions ['ros']
[0.340s] Level 1:colcon.colcon_core.package_identification:_identify(src) by extension 'ros'
[0.340s] Level 1:colcon.colcon_core.package_identification:_identify(src) by extensions ['cmake', 'python']
[0.340s] Level 1:colcon.colcon_core.package_identification:_identify(src) by extension 'cmake'
[0.341s] Level 1:colcon.colcon_core.package_identification:_identify(src) by extension 'python'
[0.341s] Level 1:colcon.colcon_core.package_identification:_identify(src) by extensions ['python_setup_py']
[0.341s] Level 1:colcon.colcon_core.package_identification:_identify(src) by extension 'python_setup_py'
[0.341s] Level 1:colcon.colcon_core.package_identification:_identify(src/cpp_examples) by extensions ['ignore', 'ignore_ament_install']
[0.341s] Level 1:colcon.colcon_core.package_identification:_identify(src/cpp_examples) by extension 'ignore'
[0.341s] Level 1:colcon.colcon_core.package_identification:_identify(src/cpp_examples) by extension 'ignore_ament_install'
[0.341s] Level 1:colcon.colcon_core.package_identification:_identify(src/cpp_examples) by extensions ['colcon_pkg']
[0.341s] Level 1:colcon.colcon_core.package_identification:_identify(src/cpp_examples) by extension 'colcon_pkg'
[0.341s] Level 1:colcon.colcon_core.package_identification:_identify(src/cpp_examples) by extensions ['colcon_meta']
[0.341s] Level 1:colcon.colcon_core.package_identification:_identify(src/cpp_examples) by extension 'colcon_meta'
[0.341s] Level 1:colcon.colcon_core.package_identification:_identify(src/cpp_examples) by extensions ['ros']
[0.341s] Level 1:colcon.colcon_core.package_identification:_identify(src/cpp_examples) by extension 'ros'
[0.344s] DEBUG:colcon.colcon_core.package_identification:Package 'src/cpp_examples' with type 'ros.ament_cmake' and name 'cpp_examples'
[0.344s] Level 1:colcon.colcon_core.package_identification:_identify(src/gesture_control) by extensions ['ignore', 'ignore_ament_install']
[0.344s] Level 1:colcon.colcon_core.package_identification:_identify(src/gesture_control) by extension 'ignore'
[0.344s] Level 1:colcon.colcon_core.package_identification:_identify(src/gesture_control) by extension 'ignore_ament_install'
[0.344s] Level 1:colcon.colcon_core.package_identification:_identify(src/gesture_control) by extensions ['colcon_pkg']
[0.344s] Level 1:colcon.colcon_core.package_identification:_identify(src/gesture_control) by extension 'colcon_pkg'
[0.345s] Level 1:colcon.colcon_core.package_identification:_identify(src/gesture_control) by extensions ['colcon_meta']
[0.345s] Level 1:colcon.colcon_core.package_identification:_identify(src/gesture_control) by extension 'colcon_meta'
[0.345s] Level 1:colcon.colcon_core.package_identification:_identify(src/gesture_control) by extensions ['ros']
[0.345s] Level 1:colcon.colcon_core.package_identification:_identify(src/gesture_control) by extension 'ros'
[0.345s] DEBUG:colcon.colcon_core.package_identification:Package 'src/gesture_control' with type 'ros.ament_python' and name 'gesture_control'
[0.346s] Level 1:colcon.colcon_core.package_identification:_identify(src/log) by extensions ['ignore', 'ignore_ament_install']
[0.346s] Level 1:colcon.colcon_core.package_identification:_identify(src/log) by extension 'ignore'
[0.346s] Level 1:colcon.colcon_core.package_identification:_identify(src/log) ignored
[0.346s] Level 1:colcon.colcon_core.package_identification:_identify(src/new_practice_bringup) by extensions ['ignore', 'ignore_ament_install']
[0.346s] Level 1:colcon.colcon_core.package_identification:_identify(src/new_practice_bringup) by extension 'ignore'
[0.346s] Level 1:colcon.colcon_core.package_identification:_identify(src/new_practice_bringup) by extension 'ignore_ament_install'
[0.346s] Level 1:colcon.colcon_core.package_identification:_identify(src/new_practice_bringup) by extensions ['colcon_pkg']
[0.346s] Level 1:colcon.colcon_core.package_identification:_identify(src/new_practice_bringup) by extension 'colcon_pkg'
[0.346s] Level 1:colcon.colcon_core.package_identification:_identify(src/new_practice_bringup) by extensions ['colcon_meta']
[0.346s] Level 1:colcon.colcon_core.package_identification:_identify(src/new_practice_bringup) by extension 'colcon_meta'
[0.346s] Level 1:colcon.colcon_core.package_identification:_identify(src/new_practice_bringup) by extensions ['ros']
[0.346s] Level 1:colcon.colcon_core.package_identification:_identify(src/new_practice_bringup) by extension 'ros'
[0.347s] DEBUG:colcon.colcon_core.package_identification:Package 'src/new_practice_bringup' with type 'ros.ament_cmake' and name 'new_practice_bringup'
[0.347s] Level 1:colcon.colcon_core.package_identification:_identify(src/new_robot_controller) by extensions ['ignore', 'ignore_ament_install']
[0.347s] Level 1:colcon.colcon_core.package_identification:_identify(src/new_robot_controller) by extension 'ignore'
[0.347s] Level 1:colcon.colcon_core.package_identification:_identify(src/new_robot_controller) by extension 'ignore_ament_install'
[0.347s] Level 1:colcon.colcon_core.package_identification:_identify(src/new_robot_controller) by extensions ['colcon_pkg']
[0.347s] Level 1:colcon.colcon_core.package_identification:_identify(src/new_robot_controller) by extension 'colcon_pkg'
[0.347s] Level 1:colcon.colcon_core.package_identification:_identify(src/new_robot_controller) by extensions ['colcon_meta']
[0.347s] Level 1:colcon.colcon_core.package_identification:_identify(src/new_robot_controller) by extension 'colcon_meta'
[0.347s] Level 1:colcon.colcon_core.package_identification:_identify(src/new_robot_controller) by extensions ['ros']
[0.347s] Level 1:colcon.colcon_core.package_identification:_identify(src/new_robot_controller) by extension 'ros'
[0.349s] DEBUG:colcon.colcon_core.package_identification:Package 'src/new_robot_controller' with type 'ros.ament_cmake' and name 'new_robot_controller'
[0.349s] Level 1:colcon.colcon_core.package_identification:_identify(src/new_robot_description) by extensions ['ignore', 'ignore_ament_install']
[0.349s] Level 1:colcon.colcon_core.package_identification:_identify(src/new_robot_description) by extension 'ignore'
[0.349s] Level 1:colcon.colcon_core.package_identification:_identify(src/new_robot_description) by extension 'ignore_ament_install'
[0.349s] Level 1:colcon.colcon_core.package_identification:_identify(src/new_robot_description) by extensions ['colcon_pkg']
[0.349s] Level 1:colcon.colcon_core.package_identification:_identify(src/new_robot_description) by extension 'colcon_pkg'
[0.349s] Level 1:colcon.colcon_core.package_identification:_identify(src/new_robot_description) by extensions ['colcon_meta']
[0.349s] Level 1:colcon.colcon_core.package_identification:_identify(src/new_robot_description) by extension 'colcon_meta'
[0.349s] Level 1:colcon.colcon_core.package_identification:_identify(src/new_robot_description) by extensions ['ros']
[0.349s] Level 1:colcon.colcon_core.package_identification:_identify(src/new_robot_description) by extension 'ros'
[0.350s] DEBUG:colcon.colcon_core.package_identification:Package 'src/new_robot_description' with type 'ros.ament_cmake' and name 'new_robot_description'
[0.350s] Level 1:colcon.colcon_core.package_identification:_identify(src/new_robot_firmware) by extensions ['ignore', 'ignore_ament_install']
[0.350s] Level 1:colcon.colcon_core.package_identification:_identify(src/new_robot_firmware) by extension 'ignore'
[0.350s] Level 1:colcon.colcon_core.package_identification:_identify(src/new_robot_firmware) by extension 'ignore_ament_install'
[0.350s] Level 1:colcon.colcon_core.package_identification:_identify(src/new_robot_firmware) by extensions ['colcon_pkg']
[0.350s] Level 1:colcon.colcon_core.package_identification:_identify(src/new_robot_firmware) by extension 'colcon_pkg'
[0.350s] Level 1:colcon.colcon_core.package_identification:_identify(src/new_robot_firmware) by extensions ['colcon_meta']
[0.350s] Level 1:colcon.colcon_core.package_identification:_identify(src/new_robot_firmware) by extension 'colcon_meta'
[0.350s] Level 1:colcon.colcon_core.package_identification:_identify(src/new_robot_firmware) by extensions ['ros']
[0.350s] Level 1:colcon.colcon_core.package_identification:_identify(src/new_robot_firmware) by extension 'ros'
[0.352s] DEBUG:colcon.colcon_core.package_identification:Package 'src/new_robot_firmware' with type 'ros.ament_cmake' and name 'new_robot_firmware'
[0.352s] Level 1:colcon.colcon_core.package_identification:_identify(src/rplidar_ros2) by extensions ['ignore', 'ignore_ament_install']
[0.352s] Level 1:colcon.colcon_core.package_identification:_identify(src/rplidar_ros2) by extension 'ignore'
[0.352s] Level 1:colcon.colcon_core.package_identification:_identify(src/rplidar_ros2) by extension 'ignore_ament_install'
[0.352s] Level 1:colcon.colcon_core.package_identification:_identify(src/rplidar_ros2) by extensions ['colcon_pkg']
[0.352s] Level 1:colcon.colcon_core.package_identification:_identify(src/rplidar_ros2) by extension 'colcon_pkg'
[0.352s] Level 1:colcon.colcon_core.package_identification:_identify(src/rplidar_ros2) by extensions ['colcon_meta']
[0.352s] Level 1:colcon.colcon_core.package_identification:_identify(src/rplidar_ros2) by extension 'colcon_meta'
[0.352s] Level 1:colcon.colcon_core.package_identification:_identify(src/rplidar_ros2) by extensions ['ros']
[0.352s] Level 1:colcon.colcon_core.package_identification:_identify(src/rplidar_ros2) by extension 'ros'
[0.353s] DEBUG:colcon.colcon_core.package_identification:Package 'src/rplidar_ros2' with type 'ros.ament_cmake' and name 'rplidar_ros'
[0.353s] Level 1:colcon.colcon_core.package_discovery:discover_packages(recursive) using defaults
[0.353s] Level 1:colcon.colcon_core.package_discovery:discover_packages(ignore) discover
[0.353s] Level 1:colcon.colcon_core.package_discovery:discover_packages(ignore) using defaults
[0.353s] Level 1:colcon.colcon_core.package_discovery:discover_packages(path) discover
[0.353s] Level 1:colcon.colcon_core.package_discovery:discover_packages(path) using defaults
[0.379s] Level 1:colcon.colcon_core.package_discovery:discover_packages(prefix_path) check parameters
[0.379s] Level 1:colcon.colcon_core.package_discovery:discover_packages(prefix_path) discover
[0.382s] DEBUG:colcon.colcon_installed_package_information.package_discovery:Found 14 installed packages in /home/om/WarehouseDrone/pico_ws/install
[0.383s] DEBUG:colcon.colcon_installed_package_information.package_discovery:Found 10 installed packages in /home/om/slambot/install
[0.385s] DEBUG:colcon.colcon_installed_package_information.package_discovery:Found 436 installed packages in /opt/ros/humble
[0.407s] Level 1:colcon.colcon_core.package_discovery:discover_packages(prefix_path) using defaults
[0.468s] Level 5:colcon.colcon_core.verb:set package 'cpp_examples' build argument 'cmake_args' from command line to 'None'
[0.468s] Level 5:colcon.colcon_core.verb:set package 'cpp_examples' build argument 'cmake_target' from command line to 'None'
[0.468s] Level 5:colcon.colcon_core.verb:set package 'cpp_examples' build argument 'cmake_target_skip_unavailable' from command line to 'False'
[0.468s] Level 5:colcon.colcon_core.verb:set package 'cpp_examples' build argument 'cmake_clean_cache' from command line to 'False'
[0.468s] Level 5:colcon.colcon_core.verb:set package 'cpp_examples' build argument 'cmake_clean_first' from command line to 'False'
[0.468s] Level 5:colcon.colcon_core.verb:set package 'cpp_examples' build argument 'cmake_force_configure' from command line to 'False'
[0.468s] Level 5:colcon.colcon_core.verb:set package 'cpp_examples' build argument 'ament_cmake_args' from command line to 'None'
[0.468s] Level 5:colcon.colcon_core.verb:set package 'cpp_examples' build argument 'catkin_cmake_args' from command line to 'None'
[0.468s] Level 5:colcon.colcon_core.verb:set package 'cpp_examples' build argument 'catkin_skip_building_tests' from command line to 'False'
[0.468s] DEBUG:colcon.colcon_core.verb:Building package 'cpp_examples' with the following arguments: {'ament_cmake_args': None, 'build_base': '/home/om/gesture_bot/build/cpp_examples', 'catkin_cmake_args': None, 'catkin_skip_building_tests': False, 'cmake_args': None, 'cmake_clean_cache': False, 'cmake_clean_first': False, 'cmake_force_configure': False, 'cmake_target': None, 'cmake_target_skip_unavailable': False, 'install_base': '/home/om/gesture_bot/install/cpp_examples', 'merge_install': False, 'path': '/home/om/gesture_bot/src/cpp_examples', 'symlink_install': False, 'test_result_base': None}
[0.469s] Level 5:colcon.colcon_core.verb:set package 'gesture_control' build argument 'cmake_args' from command line to 'None'
[0.469s] Level 5:colcon.colcon_core.verb:set package 'gesture_control' build argument 'cmake_target' from command line to 'None'
[0.469s] Level 5:colcon.colcon_core.verb:set package 'gesture_control' build argument 'cmake_target_skip_unavailable' from command line to 'False'
[0.469s] Level 5:colcon.colcon_core.verb:set package 'gesture_control' build argument 'cmake_clean_cache' from command line to 'False'
[0.469s] Level 5:colcon.colcon_core.verb:set package 'gesture_control' build argument 'cmake_clean_first' from command line to 'False'
[0.469s] Level 5:colcon.colcon_core.verb:set package 'gesture_control' build argument 'cmake_force_configure' from command line to 'False'
[0.469s] Level 5:colcon.colcon_core.verb:set package 'gesture_control' build argument 'ament_cmake_args' from command line to 'None'
[0.469s] Level 5:colcon.colcon_core.verb:set package 'gesture_control' build argument 'catkin_cmake_args' from command line to 'None'
[0.469s] Level 5:colcon.colcon_core.verb:set package 'gesture_control' build argument 'catkin_skip_building_tests' from command line to 'False'
[0.469s] DEBUG:colcon.colcon_core.verb:Building package 'gesture_control' with the following arguments: {'ament_cmake_args': None, 'build_base': '/home/om/gesture_bot/build/gesture_control', 'catkin_cmake_args': None, 'catkin_skip_building_tests': False, 'cmake_args': None, 'cmake_clean_cache': False, 'cmake_clean_first': False, 'cmake_force_configure': False, 'cmake_target': None, 'cmake_target_skip_unavailable': False, 'install_base': '/home/om/gesture_bot/install/gesture_control', 'merge_install': False, 'path': '/home/om/gesture_bot/src/gesture_control', 'symlink_install': False, 'test_result_base': None}
[0.470s] Level 5:colcon.colcon_core.verb:set package 'new_practice_bringup' build argument 'cmake_args' from command line to 'None'
[0.470s] Level 5:colcon.colcon_core.verb:set package 'new_practice_bringup' build argument 'cmake_target' from command line to 'None'
[0.470s] Level 5:colcon.colcon_core.verb:set package 'new_practice_bringup' build argument 'cmake_target_skip_unavailable' from command line to 'False'
[0.470s] Level 5:colcon.colcon_core.verb:set package 'new_practice_bringup' build argument 'cmake_clean_cache' from command line to 'False'
[0.470s] Level 5:colcon.colcon_core.verb:set package 'new_practice_bringup' build argument 'cmake_clean_first' from command line to 'False'
[0.470s] Level 5:colcon.colcon_core.verb:set package 'new_practice_bringup' build argument 'cmake_force_configure' from command line to 'False'
[0.470s] Level 5:colcon.colcon_core.verb:set package 'new_practice_bringup' build argument 'ament_cmake_args' from command line to 'None'
[0.470s] Level 5:colcon.colcon_core.verb:set package 'new_practice_bringup' build argument 'catkin_cmake_args' from command line to 'None'
[0.470s] Level 5:colcon.colcon_core.verb:set package 'new_practice_bringup' build argument 'catkin_skip_building_tests' from command line to 'False'
[0.470s] DEBUG:colcon.colcon_core.verb:Building package 'new_practice_bringup' with the following arguments: {'ament_cmake_args': None, 'build_base': '/home/om/gesture_bot/build/new_practice_bringup', 'catkin_cmake_args': None, 'catkin_skip_building_tests': False, 'cmake_args': None, 'cmake_clean_cache': False, 'cmake_clean_first': False, 'cmake_force_configure': False, 'cmake_target': None, 'cmake_target_skip_unavailable': False, 'install_base': '/home/om/gesture_bot/install/new_practice_bringup', 'merge_install': False, 'path': '/home/om/gesture_bot/src/new_practice_bringup', 'symlink_install': False, 'test_result_base': None}
[0.470s] Level 5:colcon.colcon_core.verb:set package 'new_robot_controller' build argument 'cmake_args' from command line to 'None'
[0.470s] Level 5:colcon.colcon_core.verb:set package 'new_robot_controller' build argument 'cmake_target' from command line to 'None'
[0.470s] Level 5:colcon.colcon_core.verb:set package 'new_robot_controller' build argument 'cmake_target_skip_unavailable' from command line to 'False'
[0.470s] Level 5:colcon.colcon_core.verb:set package 'new_robot_controller' build argument 'cmake_clean_cache' from command line to 'False'
[0.470s] Level 5:colcon.colcon_core.verb:set package 'new_robot_controller' build argument 'cmake_clean_first' from command line to 'False'
[0.470s] Level 5:colcon.colcon_core.verb:set package 'new_robot_controller' build argument 'cmake_force_configure' from command line to 'False'
[0.470s] Level 5:colcon.colcon_core.verb:set package 'new_robot_controller' build argument 'ament_cmake_args' from command line to 'None'
[0.470s] Level 5:colcon.colcon_core.verb:set package 'new_robot_controller' build argument 'catkin_cmake_args' from command line to 'None'
[0.470s] Level 5:colcon.colcon_core.verb:set package 'new_robot_controller' build argument 'catkin_skip_building_tests' from command line to 'False'
[0.470s] DEBUG:colcon.colcon_core.verb:Building package 'new_robot_controller' with the following arguments: {'ament_cmake_args': None, 'build_base': '/home/om/gesture_bot/build/new_robot_controller', 'catkin_cmake_args': None, 'catkin_skip_building_tests': False, 'cmake_args': None, 'cmake_clean_cache': False, 'cmake_clean_first': False, 'cmake_force_configure': False, 'cmake_target': None, 'cmake_target_skip_unavailable': False, 'install_base': '/home/om/gesture_bot/install/new_robot_controller', 'merge_install': False, 'path': '/home/om/gesture_bot/src/new_robot_controller', 'symlink_install': False, 'test_result_base': None}
[0.471s] Level 5:colcon.colcon_core.verb:set package 'new_robot_description' build argument 'cmake_args' from command line to 'None'
[0.471s] Level 5:colcon.colcon_core.verb:set package 'new_robot_description' build argument 'cmake_target' from command line to 'None'
[0.471s] Level 5:colcon.colcon_core.verb:set package 'new_robot_description' build argument 'cmake_target_skip_unavailable' from command line to 'False'
[0.471s] Level 5:colcon.colcon_core.verb:set package 'new_robot_description' build argument 'cmake_clean_cache' from command line to 'False'
[0.471s] Level 5:colcon.colcon_core.verb:set package 'new_robot_description' build argument 'cmake_clean_first' from command line to 'False'
[0.471s] Level 5:colcon.colcon_core.verb:set package 'new_robot_description' build argument 'cmake_force_configure' from command line to 'False'
[0.471s] Level 5:colcon.colcon_core.verb:set package 'new_robot_description' build argument 'ament_cmake_args' from command line to 'None'
[0.471s] Level 5:colcon.colcon_core.verb:set package 'new_robot_description' build argument 'catkin_cmake_args' from command line to 'None'
[0.471s] Level 5:colcon.colcon_core.verb:set package 'new_robot_description' build argument 'catkin_skip_building_tests' from command line to 'False'
[0.471s] DEBUG:colcon.colcon_core.verb:Building package 'new_robot_description' with the following arguments: {'ament_cmake_args': None, 'build_base': '/home/om/gesture_bot/build/new_robot_description', 'catkin_cmake_args': None, 'catkin_skip_building_tests': False, 'cmake_args': None, 'cmake_clean_cache': False, 'cmake_clean_first': False, 'cmake_force_configure': False, 'cmake_target': None, 'cmake_target_skip_unavailable': False, 'install_base': '/home/om/gesture_bot/install/new_robot_description', 'merge_install': False, 'path': '/home/om/gesture_bot/src/new_robot_description', 'symlink_install': False, 'test_result_base': None}
[0.471s] Level 5:colcon.colcon_core.verb:set package 'new_robot_firmware' build argument 'cmake_args' from command line to 'None'
[0.471s] Level 5:colcon.colcon_core.verb:set package 'new_robot_firmware' build argument 'cmake_target' from command line to 'None'
[0.471s] Level 5:colcon.colcon_core.verb:set package 'new_robot_firmware' build argument 'cmake_target_skip_unavailable' from command line to 'False'
[0.471s] Level 5:colcon.colcon_core.verb:set package 'new_robot_firmware' build argument 'cmake_clean_cache' from command line to 'False'
[0.471s] Level 5:colcon.colcon_core.verb:set package 'new_robot_firmware' build argument 'cmake_clean_first' from command line to 'False'
[0.472s] Level 5:colcon.colcon_core.verb:set package 'new_robot_firmware' build argument 'cmake_force_configure' from command line to 'False'
[0.472s] Level 5:colcon.colcon_core.verb:set package 'new_robot_firmware' build argument 'ament_cmake_args' from command line to 'None'
[0.472s] Level 5:colcon.colcon_core.verb:set package 'new_robot_firmware' build argument 'catkin_cmake_args' from command line to 'None'
[0.472s] Level 5:colcon.colcon_core.verb:set package 'new_robot_firmware' build argument 'catkin_skip_building_tests' from command line to 'False'
[0.472s] DEBUG:colcon.colcon_core.verb:Building package 'new_robot_firmware' with the following arguments: {'ament_cmake_args': None, 'build_base': '/home/om/gesture_bot/build/new_robot_firmware', 'catkin_cmake_args': None, 'catkin_skip_building_tests': False, 'cmake_args': None, 'cmake_clean_cache': False, 'cmake_clean_first': False, 'cmake_force_configure': False, 'cmake_target': None, 'cmake_target_skip_unavailable': False, 'install_base': '/home/om/gesture_bot/install/new_robot_firmware', 'merge_install': False, 'path': '/home/om/gesture_bot/src/new_robot_firmware', 'symlink_install': False, 'test_result_base': None}
[0.472s] Level 5:colcon.colcon_core.verb:set package 'rplidar_ros' build argument 'cmake_args' from command line to 'None'
[0.472s] Level 5:colcon.colcon_core.verb:set package 'rplidar_ros' build argument 'cmake_target' from command line to 'None'
[0.472s] Level 5:colcon.colcon_core.verb:set package 'rplidar_ros' build argument 'cmake_target_skip_unavailable' from command line to 'False'
[0.472s] Level 5:colcon.colcon_core.verb:set package 'rplidar_ros' build argument 'cmake_clean_cache' from command line to 'False'
[0.472s] Level 5:colcon.colcon_core.verb:set package 'rplidar_ros' build argument 'cmake_clean_first' from command line to 'False'
[0.472s] Level 5:colcon.colcon_core.verb:set package 'rplidar_ros' build argument 'cmake_force_configure' from command line to 'False'
[0.472s] Level 5:colcon.colcon_core.verb:set package 'rplidar_ros' build argument 'ament_cmake_args' from command line to 'None'
[0.472s] Level 5:colcon.colcon_core.verb:set package 'rplidar_ros' build argument 'catkin_cmake_args' from command line to 'None'
[0.472s] Level 5:colcon.colcon_core.verb:set package 'rplidar_ros' build argument 'catkin_skip_building_tests' from command line to 'False'
[0.472s] DEBUG:colcon.colcon_core.verb:Building package 'rplidar_ros' with the following arguments: {'ament_cmake_args': None, 'build_base': '/home/om/gesture_bot/build/rplidar_ros', 'catkin_cmake_args': None, 'catkin_skip_building_tests': False, 'cmake_args': None, 'cmake_clean_cache': False, 'cmake_clean_first': False, 'cmake_force_configure': False, 'cmake_target': None, 'cmake_target_skip_unavailable': False, 'install_base': '/home/om/gesture_bot/install/rplidar_ros', 'merge_install': False, 'path': '/home/om/gesture_bot/src/rplidar_ros2', 'symlink_install': False, 'test_result_base': None}
[0.472s] INFO:colcon.colcon_core.executor:Executing jobs using 'parallel' executor
[0.474s] DEBUG:colcon.colcon_parallel_executor.executor.parallel:run_until_complete
[0.474s] INFO:colcon.colcon_ros.task.ament_cmake.build:Building ROS package in '/home/om/gesture_bot/src/cpp_examples' with build type 'ament_cmake'
[0.474s] INFO:colcon.colcon_cmake.task.cmake.build:Building CMake package in '/home/om/gesture_bot/src/cpp_examples'
[0.477s] INFO:colcon.colcon_core.plugin_system:Skipping extension 'colcon_core.shell.bat': Not used on non-Windows systems
[0.478s] INFO:colcon.colcon_core.shell:Skip shell extension 'powershell' for command environment: Not usable outside of PowerShell
[0.478s] DEBUG:colcon.colcon_core.shell:Skip shell extension 'dsv' for command environment
[0.484s] INFO:colcon.colcon_ros.task.ament_python.build:Building ROS package in '/home/om/gesture_bot/src/gesture_control' with build type 'ament_python'
[0.484s] Level 1:colcon.colcon_core.shell:create_environment_hook('gesture_control', 'ament_prefix_path')
[0.484s] INFO:colcon.colcon_core.shell:Creating environment hook '/home/om/gesture_bot/install/gesture_control/share/gesture_control/hook/ament_prefix_path.ps1'
[0.485s] INFO:colcon.colcon_core.shell:Creating environment descriptor '/home/om/gesture_bot/install/gesture_control/share/gesture_control/hook/ament_prefix_path.dsv'
[0.486s] INFO:colcon.colcon_core.shell:Creating environment hook '/home/om/gesture_bot/install/gesture_control/share/gesture_control/hook/ament_prefix_path.sh'
[0.487s] INFO:colcon.colcon_core.shell:Skip shell extension 'powershell' for command environment: Not usable outside of PowerShell
[0.487s] DEBUG:colcon.colcon_core.shell:Skip shell extension 'dsv' for command environment
[0.493s] INFO:colcon.colcon_ros.task.ament_cmake.build:Building ROS package in '/home/om/gesture_bot/src/new_practice_bringup' with build type 'ament_cmake'
[0.493s] INFO:colcon.colcon_cmake.task.cmake.build:Building CMake package in '/home/om/gesture_bot/src/new_practice_bringup'
[0.493s] INFO:colcon.colcon_core.shell:Skip shell extension 'powershell' for command environment: Not usable outside of PowerShell
[0.493s] DEBUG:colcon.colcon_core.shell:Skip shell extension 'dsv' for command environment
[0.499s] INFO:colcon.colcon_ros.task.ament_cmake.build:Building ROS package in '/home/om/gesture_bot/src/new_robot_controller' with build type 'ament_cmake'
[0.500s] INFO:colcon.colcon_cmake.task.cmake.build:Building CMake package in '/home/om/gesture_bot/src/new_robot_controller'
[0.500s] INFO:colcon.colcon_core.shell:Skip shell extension 'powershell' for command environment: Not usable outside of PowerShell
[0.500s] DEBUG:colcon.colcon_core.shell:Skip shell extension 'dsv' for command environment
[0.506s] INFO:colcon.colcon_ros.task.ament_cmake.build:Building ROS package in '/home/om/gesture_bot/src/new_robot_description' with build type 'ament_cmake'
[0.507s] INFO:colcon.colcon_cmake.task.cmake.build:Building CMake package in '/home/om/gesture_bot/src/new_robot_description'
[0.507s] INFO:colcon.colcon_core.shell:Skip shell extension 'powershell' for command environment: Not usable outside of PowerShell
[0.507s] DEBUG:colcon.colcon_core.shell:Skip shell extension 'dsv' for command environment
[0.513s] INFO:colcon.colcon_ros.task.ament_cmake.build:Building ROS package in '/home/om/gesture_bot/src/new_robot_firmware' with build type 'ament_cmake'
[0.513s] INFO:colcon.colcon_cmake.task.cmake.build:Building CMake package in '/home/om/gesture_bot/src/new_robot_firmware'
[0.514s] INFO:colcon.colcon_core.shell:Skip shell extension 'powershell' for command environment: Not usable outside of PowerShell
[0.514s] DEBUG:colcon.colcon_core.shell:Skip shell extension 'dsv' for command environment
[0.520s] INFO:colcon.colcon_ros.task.ament_cmake.build:Building ROS package in '/home/om/gesture_bot/src/rplidar_ros2' with build type 'ament_cmake'
[0.520s] INFO:colcon.colcon_cmake.task.cmake.build:Building CMake package in '/home/om/gesture_bot/src/rplidar_ros2'
[0.520s] INFO:colcon.colcon_core.shell:Skip shell extension 'powershell' for command environment: Not usable outside of PowerShell
[0.520s] DEBUG:colcon.colcon_core.shell:Skip shell extension 'dsv' for command environment
[0.532s] DEBUG:colcon.colcon_core.event_handler.log_command:Invoking command in '/home/om/gesture_bot/build/cpp_examples': CMAKE_PREFIX_PATH=${CMAKE_PREFIX_PATH}:/home/om/slambot/install/gesture_control:/home/om/slambot/install/ges_control:/opt/ros/humble /usr/bin/cmake /home/om/gesture_bot/src/cpp_examples -DCMAKE_INSTALL_PREFIX=/home/om/gesture_bot/install/cpp_examples
[0.876s] INFO:colcon.colcon_core.task.python.build:Building Python package in '/home/om/gesture_bot/src/gesture_control'
[0.876s] INFO:colcon.colcon_core.shell:Skip shell extension 'powershell' for command environment: Not usable outside of PowerShell
[0.876s] DEBUG:colcon.colcon_core.shell:Skip shell extension 'dsv' for command environment
[0.890s] DEBUG:colcon.colcon_core.event_handler.log_command:Invoking command in '/home/om/gesture_bot/build/new_practice_bringup': CMAKE_PREFIX_PATH=${CMAKE_PREFIX_PATH}:/home/om/slambot/install/gesture_control:/home/om/slambot/install/ges_control:/opt/ros/humble /usr/bin/cmake /home/om/gesture_bot/src/new_practice_bringup -DCMAKE_INSTALL_PREFIX=/home/om/gesture_bot/install/new_practice_bringup
[0.895s] DEBUG:colcon.colcon_core.event_handler.log_command:Invoking command in '/home/om/gesture_bot/build/new_robot_controller': CMAKE_PREFIX_PATH=${CMAKE_PREFIX_PATH}:/home/om/slambot/install/gesture_control:/home/om/slambot/install/ges_control:/opt/ros/humble /usr/bin/cmake /home/om/gesture_bot/src/new_robot_controller -DCMAKE_INSTALL_PREFIX=/home/om/gesture_bot/install/new_robot_controller
[0.900s] DEBUG:colcon.colcon_core.event_handler.log_command:Invoking command in '/home/om/gesture_bot/build/new_robot_description': CMAKE_PREFIX_PATH=${CMAKE_PREFIX_PATH}:/home/om/slambot/install/gesture_control:/home/om/slambot/install/ges_control:/opt/ros/humble /usr/bin/cmake /home/om/gesture_bot/src/new_robot_description -DCMAKE_INSTALL_PREFIX=/home/om/gesture_bot/install/new_robot_description
[0.901s] DEBUG:colcon.colcon_core.event_handler.log_command:Invoking command in '/home/om/gesture_bot/build/new_robot_firmware': CMAKE_PREFIX_PATH=${CMAKE_PREFIX_PATH}:/home/om/slambot/install/gesture_control:/home/om/slambot/install/ges_control:/opt/ros/humble /usr/bin/cmake /home/om/gesture_bot/src/new_robot_firmware -DCMAKE_INSTALL_PREFIX=/home/om/gesture_bot/install/new_robot_firmware
[0.911s] DEBUG:colcon.colcon_core.event_handler.log_command:Invoking command in '/home/om/gesture_bot/build/rplidar_ros': CMAKE_PREFIX_PATH=${CMAKE_PREFIX_PATH}:/home/om/slambot/install/gesture_control:/home/om/slambot/install/ges_control:/opt/ros/humble /usr/bin/cmake /home/om/gesture_bot/src/rplidar_ros2 -DCMAKE_INSTALL_PREFIX=/home/om/gesture_bot/install/rplidar_ros
[1.724s] DEBUG:colcon.colcon_core.event_handler.log_command:Invoking command in '/home/om/gesture_bot/src/gesture_control': PYTHONPATH=/home/om/gesture_bot/build/gesture_control/prefix_override:/usr/lib/python3/dist-packages/colcon_core/task/python/colcon_distutils_commands:/home/om/gesture_bot/install/gesture_control/lib/python3.10/site-packages:${PYTHONPATH} /usr/bin/python3 -W ignore:setup.py install is deprecated setup.py egg_info --egg-base ../../build/gesture_control build --build-base /home/om/gesture_bot/build/gesture_control/build install --record /home/om/gesture_bot/build/gesture_control/install.log --single-version-externally-managed install_data
[1.898s] DEBUG:colcon.colcon_core.event_handler.log_command:Invoked command in '/home/om/gesture_bot/build/cpp_examples' returned '0': CMAKE_PREFIX_PATH=${CMAKE_PREFIX_PATH}:/home/om/slambot/install/gesture_control:/home/om/slambot/install/ges_control:/opt/ros/humble /usr/bin/cmake /home/om/gesture_bot/src/cpp_examples -DCMAKE_INSTALL_PREFIX=/home/om/gesture_bot/install/cpp_examples
[1.899s] DEBUG:colcon.colcon_core.event_handler.log_command:Invoking command in '/home/om/gesture_bot/build/cpp_examples': CMAKE_PREFIX_PATH=${CMAKE_PREFIX_PATH}:/home/om/slambot/install/gesture_control:/home/om/slambot/install/ges_control:/opt/ros/humble /usr/bin/cmake --build /home/om/gesture_bot/build/cpp_examples -- -j8 -l8
[2.046s] DEBUG:colcon.colcon_core.event_handler.log_command:Invoked command in '/home/om/gesture_bot/build/new_robot_description' returned '0': CMAKE_PREFIX_PATH=${CMAKE_PREFIX_PATH}:/home/om/slambot/install/gesture_control:/home/om/slambot/install/ges_control:/opt/ros/humble /usr/bin/cmake /home/om/gesture_bot/src/new_robot_description -DCMAKE_INSTALL_PREFIX=/home/om/gesture_bot/install/new_robot_description
[2.048s] DEBUG:colcon.colcon_core.event_handler.log_command:Invoking command in '/home/om/gesture_bot/build/new_robot_description': CMAKE_PREFIX_PATH=${CMAKE_PREFIX_PATH}:/home/om/slambot/install/gesture_control:/home/om/slambot/install/ges_control:/opt/ros/humble /usr/bin/cmake --build /home/om/gesture_bot/build/new_robot_description -- -j8 -l8
[2.050s] DEBUG:colcon.colcon_core.event_handler.log_command:Invoked command in '/home/om/gesture_bot/build/cpp_examples' returned '0': CMAKE_PREFIX_PATH=${CMAKE_PREFIX_PATH}:/home/om/slambot/install/gesture_control:/home/om/slambot/install/ges_control:/opt/ros/humble /usr/bin/cmake --build /home/om/gesture_bot/build/cpp_examples -- -j8 -l8
[2.067s] DEBUG:colcon.colcon_core.event_handler.log_command:Invoked command in '/home/om/gesture_bot/build/new_practice_bringup' returned '0': CMAKE_PREFIX_PATH=${CMAKE_PREFIX_PATH}:/home/om/slambot/install/gesture_control:/home/om/slambot/install/ges_control:/opt/ros/humble /usr/bin/cmake /home/om/gesture_bot/src/new_practice_bringup -DCMAKE_INSTALL_PREFIX=/home/om/gesture_bot/install/new_practice_bringup
[2.070s] DEBUG:colcon.colcon_core.event_handler.log_command:Invoking command in '/home/om/gesture_bot/build/new_practice_bringup': CMAKE_PREFIX_PATH=${CMAKE_PREFIX_PATH}:/home/om/slambot/install/gesture_control:/home/om/slambot/install/ges_control:/opt/ros/humble /usr/bin/cmake --build /home/om/gesture_bot/build/new_practice_bringup -- -j8 -l8
[2.101s] DEBUG:colcon.colcon_core.event_handler.log_command:Invoking command in '/home/om/gesture_bot/build/cpp_examples': CMAKE_PREFIX_PATH=${CMAKE_PREFIX_PATH}:/home/om/slambot/install/gesture_control:/home/om/slambot/install/ges_control:/opt/ros/humble /usr/bin/cmake --install /home/om/gesture_bot/build/cpp_examples
[2.110s] DEBUG:colcon.colcon_core.event_handler.log_command:Invoked command in '/home/om/gesture_bot/build/new_robot_description' returned '0': CMAKE_PREFIX_PATH=${CMAKE_PREFIX_PATH}:/home/om/slambot/install/gesture_control:/home/om/slambot/install/ges_control:/opt/ros/humble /usr/bin/cmake --build /home/om/gesture_bot/build/new_robot_description -- -j8 -l8
[2.120s] Level 1:colcon.colcon_core.environment:create_environment_scripts_only(cpp_examples)
[2.121s] DEBUG:colcon.colcon_core.event_handler.log_command:Invoked command in '/home/om/gesture_bot/build/cpp_examples' returned '0': CMAKE_PREFIX_PATH=${CMAKE_PREFIX_PATH}:/home/om/slambot/install/gesture_control:/home/om/slambot/install/ges_control:/opt/ros/humble /usr/bin/cmake --install /home/om/gesture_bot/build/cpp_examples
[2.124s] Level 1:colcon.colcon_core.environment:checking '/home/om/gesture_bot/install/cpp_examples' for CMake module files
[2.125s] Level 1:colcon.colcon_core.environment:checking '/home/om/gesture_bot/install/cpp_examples' for CMake config files
[2.125s] Level 1:colcon.colcon_core.shell:create_environment_hook('cpp_examples', 'cmake_prefix_path')
[2.125s] INFO:colcon.colcon_core.shell:Creating environment hook '/home/om/gesture_bot/install/cpp_examples/share/cpp_examples/hook/cmake_prefix_path.ps1'
[2.126s] INFO:colcon.colcon_core.shell:Creating environment descriptor '/home/om/gesture_bot/install/cpp_examples/share/cpp_examples/hook/cmake_prefix_path.dsv'
[2.127s] INFO:colcon.colcon_core.shell:Creating environment hook '/home/om/gesture_bot/install/cpp_examples/share/cpp_examples/hook/cmake_prefix_path.sh'
[2.127s] Level 1:colcon.colcon_core.environment:checking '/home/om/gesture_bot/install/cpp_examples/bin'
[2.128s] Level 1:colcon.colcon_core.environment:checking '/home/om/gesture_bot/install/cpp_examples/lib/pkgconfig/cpp_examples.pc'
[2.128s] Level 1:colcon.colcon_core.environment:checking '/home/om/gesture_bot/install/cpp_examples/lib/python3.10/site-packages'
[2.128s] Level 1:colcon.colcon_core.environment:checking '/home/om/gesture_bot/install/cpp_examples/bin'
[2.128s] INFO:colcon.colcon_core.shell:Creating package script '/home/om/gesture_bot/install/cpp_examples/share/cpp_examples/package.ps1'
[2.129s] INFO:colcon.colcon_core.shell:Creating package descriptor '/home/om/gesture_bot/install/cpp_examples/share/cpp_examples/package.dsv'
[2.130s] INFO:colcon.colcon_core.shell:Creating package script '/home/om/gesture_bot/install/cpp_examples/share/cpp_examples/package.sh'
[2.131s] INFO:colcon.colcon_core.shell:Creating package script '/home/om/gesture_bot/install/cpp_examples/share/cpp_examples/package.bash'
[2.133s] INFO:colcon.colcon_core.shell:Creating package script '/home/om/gesture_bot/install/cpp_examples/share/cpp_examples/package.zsh'
[2.134s] Level 1:colcon.colcon_core.environment:create_file_with_runtime_dependencies(/home/om/gesture_bot/install/cpp_examples/share/colcon-core/packages/cpp_examples)
[2.138s] DEBUG:colcon.colcon_core.event_handler.log_command:Invoked command in '/home/om/gesture_bot/build/new_practice_bringup' returned '0': CMAKE_PREFIX_PATH=${CMAKE_PREFIX_PATH}:/home/om/slambot/install/gesture_control:/home/om/slambot/install/ges_control:/opt/ros/humble /usr/bin/cmake --build /home/om/gesture_bot/build/new_practice_bringup -- -j8 -l8
[2.152s] DEBUG:colcon.colcon_core.event_handler.log_command:Invoking command in '/home/om/gesture_bot/build/new_robot_description': CMAKE_PREFIX_PATH=${CMAKE_PREFIX_PATH}:/home/om/slambot/install/gesture_control:/home/om/slambot/install/ges_control:/opt/ros/humble /usr/bin/cmake --install /home/om/gesture_bot/build/new_robot_description
[2.174s] DEBUG:colcon.colcon_core.event_handler.log_command:Invoking command in '/home/om/gesture_bot/build/new_practice_bringup': CMAKE_PREFIX_PATH=${CMAKE_PREFIX_PATH}:/home/om/slambot/install/gesture_control:/home/om/slambot/install/ges_control:/opt/ros/humble /usr/bin/cmake --install /home/om/gesture_bot/build/new_practice_bringup
[2.175s] Level 1:colcon.colcon_core.environment:create_environment_scripts_only(cpp_examples)
[2.175s] Level 1:colcon.colcon_core.environment:checking '/home/om/gesture_bot/install/cpp_examples' for CMake module files
[2.176s] Level 1:colcon.colcon_core.environment:checking '/home/om/gesture_bot/install/cpp_examples' for CMake config files
[2.176s] Level 1:colcon.colcon_core.shell:create_environment_hook('cpp_examples', 'cmake_prefix_path')
[2.176s] INFO:colcon.colcon_core.shell:Creating environment hook '/home/om/gesture_bot/install/cpp_examples/share/cpp_examples/hook/cmake_prefix_path.ps1'
[2.178s] INFO:colcon.colcon_core.shell:Creating environment descriptor '/home/om/gesture_bot/install/cpp_examples/share/cpp_examples/hook/cmake_prefix_path.dsv'
[2.179s] INFO:colcon.colcon_core.shell:Creating environment hook '/home/om/gesture_bot/install/cpp_examples/share/cpp_examples/hook/cmake_prefix_path.sh'
[2.181s] Level 1:colcon.colcon_core.environment:checking '/home/om/gesture_bot/install/cpp_examples/bin'
[2.182s] Level 1:colcon.colcon_core.environment:checking '/home/om/gesture_bot/install/cpp_examples/lib/pkgconfig/cpp_examples.pc'
[2.182s] Level 1:colcon.colcon_core.environment:checking '/home/om/gesture_bot/install/cpp_examples/lib/python3.10/site-packages'
[2.182s] Level 1:colcon.colcon_core.environment:checking '/home/om/gesture_bot/install/cpp_examples/bin'
[2.182s] INFO:colcon.colcon_core.shell:Creating package script '/home/om/gesture_bot/install/cpp_examples/share/cpp_examples/package.ps1'
[2.184s] INFO:colcon.colcon_core.shell:Creating package descriptor '/home/om/gesture_bot/install/cpp_examples/share/cpp_examples/package.dsv'
[2.184s] INFO:colcon.colcon_core.shell:Creating package script '/home/om/gesture_bot/install/cpp_examples/share/cpp_examples/package.sh'
[2.185s] INFO:colcon.colcon_core.shell:Creating package script '/home/om/gesture_bot/install/cpp_examples/share/cpp_examples/package.bash'
[2.185s] INFO:colcon.colcon_core.shell:Creating package script '/home/om/gesture_bot/install/cpp_examples/share/cpp_examples/package.zsh'
[2.186s] Level 1:colcon.colcon_core.environment:create_file_with_runtime_dependencies(/home/om/gesture_bot/install/cpp_examples/share/colcon-core/packages/cpp_examples)
[2.194s] Level 1:colcon.colcon_core.environment:create_environment_scripts_only(new_practice_bringup)
[2.195s] DEBUG:colcon.colcon_core.event_handler.log_command:Invoked command in '/home/om/gesture_bot/build/new_practice_bringup' returned '0': CMAKE_PREFIX_PATH=${CMAKE_PREFIX_PATH}:/home/om/slambot/install/gesture_control:/home/om/slambot/install/ges_control:/opt/ros/humble /usr/bin/cmake --install /home/om/gesture_bot/build/new_practice_bringup
[2.196s] Level 1:colcon.colcon_core.environment:checking '/home/om/gesture_bot/install/new_practice_bringup' for CMake module files
[2.197s] Level 1:colcon.colcon_core.environment:checking '/home/om/gesture_bot/install/new_practice_bringup' for CMake config files
[2.197s] Level 1:colcon.colcon_core.shell:create_environment_hook('new_practice_bringup', 'cmake_prefix_path')
[2.197s] INFO:colcon.colcon_core.shell:Creating environment hook '/home/om/gesture_bot/install/new_practice_bringup/share/new_practice_bringup/hook/cmake_prefix_path.ps1'
[2.198s] INFO:colcon.colcon_core.shell:Creating environment descriptor '/home/om/gesture_bot/install/new_practice_bringup/share/new_practice_bringup/hook/cmake_prefix_path.dsv'
[2.199s] INFO:colcon.colcon_core.shell:Creating environment hook '/home/om/gesture_bot/install/new_practice_bringup/share/new_practice_bringup/hook/cmake_prefix_path.sh'
[2.199s] Level 1:colcon.colcon_core.environment:checking '/home/om/gesture_bot/install/new_practice_bringup/bin'
[2.200s] Level 1:colcon.colcon_core.environment:checking '/home/om/gesture_bot/install/new_practice_bringup/lib/pkgconfig/new_practice_bringup.pc'
[2.200s] Level 1:colcon.colcon_core.environment:checking '/home/om/gesture_bot/install/new_practice_bringup/lib/python3.10/site-packages'
[2.200s] Level 1:colcon.colcon_core.environment:checking '/home/om/gesture_bot/install/new_practice_bringup/bin'
[2.201s] INFO:colcon.colcon_core.shell:Creating package script '/home/om/gesture_bot/install/new_practice_bringup/share/new_practice_bringup/package.ps1'
[2.202s] INFO:colcon.colcon_core.shell:Creating package descriptor '/home/om/gesture_bot/install/new_practice_bringup/share/new_practice_bringup/package.dsv'
[2.203s] INFO:colcon.colcon_core.shell:Creating package script '/home/om/gesture_bot/install/new_practice_bringup/share/new_practice_bringup/package.sh'
[2.206s] INFO:colcon.colcon_core.shell:Creating package script '/home/om/gesture_bot/install/new_practice_bringup/share/new_practice_bringup/package.bash'
[2.208s] INFO:colcon.colcon_core.shell:Creating package script '/home/om/gesture_bot/install/new_practice_bringup/share/new_practice_bringup/package.zsh'
[2.209s] Level 1:colcon.colcon_core.environment:create_file_with_runtime_dependencies(/home/om/gesture_bot/install/new_practice_bringup/share/colcon-core/packages/new_practice_bringup)
[2.214s] Level 1:colcon.colcon_core.environment:create_environment_scripts_only(new_robot_description)
[2.214s] Level 1:colcon.colcon_core.environment:checking '/home/om/gesture_bot/install/new_robot_description' for CMake module files
[2.215s] DEBUG:colcon.colcon_core.event_handler.log_command:Invoked command in '/home/om/gesture_bot/build/new_robot_description' returned '0': CMAKE_PREFIX_PATH=${CMAKE_PREFIX_PATH}:/home/om/slambot/install/gesture_control:/home/om/slambot/install/ges_control:/opt/ros/humble /usr/bin/cmake --install /home/om/gesture_bot/build/new_robot_description
[2.215s] Level 1:colcon.colcon_core.environment:checking '/home/om/gesture_bot/install/new_robot_description' for CMake config files
[2.216s] Level 1:colcon.colcon_core.shell:create_environment_hook('new_robot_description', 'cmake_prefix_path')
[2.216s] INFO:colcon.colcon_core.shell:Creating environment hook '/home/om/gesture_bot/install/new_robot_description/share/new_robot_description/hook/cmake_prefix_path.ps1'
[2.217s] INFO:colcon.colcon_core.shell:Creating environment descriptor '/home/om/gesture_bot/install/new_robot_description/share/new_robot_description/hook/cmake_prefix_path.dsv'
[2.218s] INFO:colcon.colcon_core.shell:Creating environment hook '/home/om/gesture_bot/install/new_robot_description/share/new_robot_description/hook/cmake_prefix_path.sh'
[2.219s] Level 1:colcon.colcon_core.environment:checking '/home/om/gesture_bot/install/new_robot_description/bin'
[2.219s] Level 1:colcon.colcon_core.environment:checking '/home/om/gesture_bot/install/new_robot_description/lib/pkgconfig/new_robot_description.pc'
[2.220s] Level 1:colcon.colcon_core.environment:checking '/home/om/gesture_bot/install/new_robot_description/lib/python3.10/site-packages'
[2.220s] Level 1:colcon.colcon_core.environment:checking '/home/om/gesture_bot/install/new_robot_description/bin'
[2.220s] INFO:colcon.colcon_core.shell:Creating package script '/home/om/gesture_bot/install/new_robot_description/share/new_robot_description/package.ps1'
[2.221s] INFO:colcon.colcon_core.shell:Creating package descriptor '/home/om/gesture_bot/install/new_robot_description/share/new_robot_description/package.dsv'
[2.221s] INFO:colcon.colcon_core.shell:Creating package script '/home/om/gesture_bot/install/new_robot_description/share/new_robot_description/package.sh'
[2.222s] INFO:colcon.colcon_core.shell:Creating package script '/home/om/gesture_bot/install/new_robot_description/share/new_robot_description/package.bash'
[2.222s] INFO:colcon.colcon_core.shell:Creating package script '/home/om/gesture_bot/install/new_robot_description/share/new_robot_description/package.zsh'
[2.222s] Level 1:colcon.colcon_core.environment:create_file_with_runtime_dependencies(/home/om/gesture_bot/install/new_robot_description/share/colcon-core/packages/new_robot_description)
[2.225s] Level 1:colcon.colcon_core.environment:checking '/home/om/gesture_bot/install/gesture_control' for CMake module files
[2.226s] DEBUG:colcon.colcon_core.event_handler.log_command:Invoked command in '/home/om/gesture_bot/src/gesture_control' returned '0': PYTHONPATH=/home/om/gesture_bot/build/gesture_control/prefix_override:/usr/lib/python3/dist-packages/colcon_core/task/python/colcon_distutils_commands:/home/om/gesture_bot/install/gesture_control/lib/python3.10/site-packages:${PYTHONPATH} /usr/bin/python3 -W ignore:setup.py install is deprecated setup.py egg_info --egg-base ../../build/gesture_control build --build-base /home/om/gesture_bot/build/gesture_control/build install --record /home/om/gesture_bot/build/gesture_control/install.log --single-version-externally-managed install_data
[2.227s] Level 1:colcon.colcon_core.environment:checking '/home/om/gesture_bot/install/gesture_control' for CMake config files
[2.227s] Level 1:colcon.colcon_core.environment:checking '/home/om/gesture_bot/install/gesture_control/lib'
[2.227s] Level 1:colcon.colcon_core.environment:checking '/home/om/gesture_bot/install/gesture_control/bin'
[2.228s] Level 1:colcon.colcon_core.environment:checking '/home/om/gesture_bot/install/gesture_control/lib/pkgconfig/gesture_control.pc'
[2.228s] Level 1:colcon.colcon_core.environment:checking '/home/om/gesture_bot/install/gesture_control/lib/python3.10/site-packages'
[2.229s] Level 1:colcon.colcon_core.shell:create_environment_hook('gesture_control', 'pythonpath')
[2.229s] INFO:colcon.colcon_core.shell:Creating environment hook '/home/om/gesture_bot/install/gesture_control/share/gesture_control/hook/pythonpath.ps1'
[2.229s] INFO:colcon.colcon_core.shell:Creating environment descriptor '/home/om/gesture_bot/install/gesture_control/share/gesture_control/hook/pythonpath.dsv'
[2.230s] INFO:colcon.colcon_core.shell:Creating environment hook '/home/om/gesture_bot/install/gesture_control/share/gesture_control/hook/pythonpath.sh'
[2.230s] Level 1:colcon.colcon_core.environment:checking '/home/om/gesture_bot/install/gesture_control/bin'
[2.230s] Level 1:colcon.colcon_core.environment:create_environment_scripts_only(gesture_control)
[2.231s] INFO:colcon.colcon_core.shell:Creating package script '/home/om/gesture_bot/install/gesture_control/share/gesture_control/package.ps1'
[2.231s] INFO:colcon.colcon_core.shell:Creating package descriptor '/home/om/gesture_bot/install/gesture_control/share/gesture_control/package.dsv'
[2.232s] INFO:colcon.colcon_core.shell:Creating package script '/home/om/gesture_bot/install/gesture_control/share/gesture_control/package.sh'
[2.232s] INFO:colcon.colcon_core.shell:Creating package script '/home/om/gesture_bot/install/gesture_control/share/gesture_control/package.bash'
[2.233s] INFO:colcon.colcon_core.shell:Creating package script '/home/om/gesture_bot/install/gesture_control/share/gesture_control/package.zsh'
[2.233s] Level 1:colcon.colcon_core.environment:create_file_with_runtime_dependencies(/home/om/gesture_bot/install/gesture_control/share/colcon-core/packages/gesture_control)
[2.244s] Level 1:colcon.colcon_core.environment:create_environment_scripts_only(new_practice_bringup)
[2.244s] Level 1:colcon.colcon_core.environment:checking '/home/om/gesture_bot/install/new_practice_bringup' for CMake module files
[2.245s] Level 1:colcon.colcon_core.environment:checking '/home/om/gesture_bot/install/new_practice_bringup' for CMake config files
[2.245s] Level 1:colcon.colcon_core.shell:create_environment_hook('new_practice_bringup', 'cmake_prefix_path')
[2.245s] INFO:colcon.colcon_core.shell:Creating environment hook '/home/om/gesture_bot/install/new_practice_bringup/share/new_practice_bringup/hook/cmake_prefix_path.ps1'
[2.246s] INFO:colcon.colcon_core.shell:Creating environment descriptor '/home/om/gesture_bot/install/new_practice_bringup/share/new_practice_bringup/hook/cmake_prefix_path.dsv'
[2.246s] INFO:colcon.colcon_core.shell:Creating environment hook '/home/om/gesture_bot/install/new_practice_bringup/share/new_practice_bringup/hook/cmake_prefix_path.sh'
[2.247s] Level 1:colcon.colcon_core.environment:checking '/home/om/gesture_bot/install/new_practice_bringup/bin'
[2.247s] Level 1:colcon.colcon_core.environment:checking '/home/om/gesture_bot/install/new_practice_bringup/lib/pkgconfig/new_practice_bringup.pc'
[2.247s] Level 1:colcon.colcon_core.environment:checking '/home/om/gesture_bot/install/new_practice_bringup/lib/python3.10/site-packages'
[2.248s] Level 1:colcon.colcon_core.environment:checking '/home/om/gesture_bot/install/new_practice_bringup/bin'
[2.248s] INFO:colcon.colcon_core.shell:Creating package script '/home/om/gesture_bot/install/new_practice_bringup/share/new_practice_bringup/package.ps1'
[2.249s] INFO:colcon.colcon_core.shell:Creating package descriptor '/home/om/gesture_bot/install/new_practice_bringup/share/new_practice_bringup/package.dsv'
[2.249s] INFO:colcon.colcon_core.shell:Creating package script '/home/om/gesture_bot/install/new_practice_bringup/share/new_practice_bringup/package.sh'
[2.250s] INFO:colcon.colcon_core.shell:Creating package script '/home/om/gesture_bot/install/new_practice_bringup/share/new_practice_bringup/package.bash'
[2.250s] INFO:colcon.colcon_core.shell:Creating package script '/home/om/gesture_bot/install/new_practice_bringup/share/new_practice_bringup/package.zsh'
[2.251s] Level 1:colcon.colcon_core.environment:create_file_with_runtime_dependencies(/home/om/gesture_bot/install/new_practice_bringup/share/colcon-core/packages/new_practice_bringup)
[2.257s] Level 1:colcon.colcon_core.environment:create_environment_scripts_only(new_robot_description)
[2.258s] Level 1:colcon.colcon_core.environment:checking '/home/om/gesture_bot/install/new_robot_description' for CMake module files
[2.259s] Level 1:colcon.colcon_core.environment:checking '/home/om/gesture_bot/install/new_robot_description' for CMake config files
[2.260s] Level 1:colcon.colcon_core.shell:create_environment_hook('new_robot_description', 'cmake_prefix_path')
[2.260s] INFO:colcon.colcon_core.shell:Creating environment hook '/home/om/gesture_bot/install/new_robot_description/share/new_robot_description/hook/cmake_prefix_path.ps1'
[2.261s] INFO:colcon.colcon_core.shell:Creating environment descriptor '/home/om/gesture_bot/install/new_robot_description/share/new_robot_description/hook/cmake_prefix_path.dsv'
[2.261s] INFO:colcon.colcon_core.shell:Creating environment hook '/home/om/gesture_bot/install/new_robot_description/share/new_robot_description/hook/cmake_prefix_path.sh'
[2.262s] Level 1:colcon.colcon_core.environment:checking '/home/om/gesture_bot/install/new_robot_description/bin'
[2.262s] Level 1:colcon.colcon_core.environment:checking '/home/om/gesture_bot/install/new_robot_description/lib/pkgconfig/new_robot_description.pc'
[2.262s] Level 1:colcon.colcon_core.environment:checking '/home/om/gesture_bot/install/new_robot_description/lib/python3.10/site-packages'
[2.262s] Level 1:colcon.colcon_core.environment:checking '/home/om/gesture_bot/install/new_robot_description/bin'
[2.263s] INFO:colcon.colcon_core.shell:Creating package script '/home/om/gesture_bot/install/new_robot_description/share/new_robot_description/package.ps1'
[2.263s] INFO:colcon.colcon_core.shell:Creating package descriptor '/home/om/gesture_bot/install/new_robot_description/share/new_robot_description/package.dsv'
[2.264s] INFO:colcon.colcon_core.shell:Creating package script '/home/om/gesture_bot/install/new_robot_description/share/new_robot_description/package.sh'
[2.264s] INFO:colcon.colcon_core.shell:Creating package script '/home/om/gesture_bot/install/new_robot_description/share/new_robot_description/package.bash'
[2.264s] INFO:colcon.colcon_core.shell:Creating package script '/home/om/gesture_bot/install/new_robot_description/share/new_robot_description/package.zsh'
[2.265s] Level 1:colcon.colcon_core.environment:create_file_with_runtime_dependencies(/home/om/gesture_bot/install/new_robot_description/share/colcon-core/packages/new_robot_description)
[3.034s] DEBUG:colcon.colcon_core.event_handler.log_command:Invoked command in '/home/om/gesture_bot/build/rplidar_ros' returned '0': CMAKE_PREFIX_PATH=${CMAKE_PREFIX_PATH}:/home/om/slambot/install/gesture_control:/home/om/slambot/install/ges_control:/opt/ros/humble /usr/bin/cmake /home/om/gesture_bot/src/rplidar_ros2 -DCMAKE_INSTALL_PREFIX=/home/om/gesture_bot/install/rplidar_ros
[3.037s] DEBUG:colcon.colcon_core.event_handler.log_command:Invoking command in '/home/om/gesture_bot/build/rplidar_ros': CMAKE_PREFIX_PATH=${CMAKE_PREFIX_PATH}:/home/om/slambot/install/gesture_control:/home/om/slambot/install/ges_control:/opt/ros/humble /usr/bin/cmake --build /home/om/gesture_bot/build/rplidar_ros -- -j8 -l8
[3.360s] DEBUG:colcon.colcon_core.event_handler.log_command:Invoked command in '/home/om/gesture_bot/build/new_robot_controller' returned '0': CMAKE_PREFIX_PATH=${CMAKE_PREFIX_PATH}:/home/om/slambot/install/gesture_control:/home/om/slambot/install/ges_control:/opt/ros/humble /usr/bin/cmake /home/om/gesture_bot/src/new_robot_controller -DCMAKE_INSTALL_PREFIX=/home/om/gesture_bot/install/new_robot_controller
[3.362s] DEBUG:colcon.colcon_core.event_handler.log_command:Invoking command in '/home/om/gesture_bot/build/new_robot_controller': CMAKE_PREFIX_PATH=${CMAKE_PREFIX_PATH}:/home/om/slambot/install/gesture_control:/home/om/slambot/install/ges_control:/opt/ros/humble /usr/bin/cmake --build /home/om/gesture_bot/build/new_robot_controller -- -j8 -l8
[3.423s] DEBUG:colcon.colcon_core.event_handler.log_command:Invoked command in '/home/om/gesture_bot/build/new_robot_firmware' returned '0': CMAKE_PREFIX_PATH=${CMAKE_PREFIX_PATH}:/home/om/slambot/install/gesture_control:/home/om/slambot/install/ges_control:/opt/ros/humble /usr/bin/cmake /home/om/gesture_bot/src/new_robot_firmware -DCMAKE_INSTALL_PREFIX=/home/om/gesture_bot/install/new_robot_firmware
[3.426s] DEBUG:colcon.colcon_core.event_handler.log_command:Invoking command in '/home/om/gesture_bot/build/new_robot_firmware': CMAKE_PREFIX_PATH=${CMAKE_PREFIX_PATH}:/home/om/slambot/install/gesture_control:/home/om/slambot/install/ges_control:/opt/ros/humble /usr/bin/cmake --build /home/om/gesture_bot/build/new_robot_firmware -- -j8 -l8
[7.862s] DEBUG:colcon.colcon_core.event_handler.log_command:Invoked command in '/home/om/gesture_bot/build/new_robot_firmware' returned '0': CMAKE_PREFIX_PATH=${CMAKE_PREFIX_PATH}:/home/om/slambot/install/gesture_control:/home/om/slambot/install/ges_control:/opt/ros/humble /usr/bin/cmake --build /home/om/gesture_bot/build/new_robot_firmware -- -j8 -l8
[7.902s] DEBUG:colcon.colcon_core.event_handler.log_command:Invoking command in '/home/om/gesture_bot/build/new_robot_firmware': CMAKE_PREFIX_PATH=${CMAKE_PREFIX_PATH}:/home/om/slambot/install/gesture_control:/home/om/slambot/install/ges_control:/opt/ros/humble /usr/bin/cmake --install /home/om/gesture_bot/build/new_robot_firmware
[7.918s] Level 1:colcon.colcon_core.environment:create_environment_scripts_only(new_robot_firmware)
[7.919s] Level 1:colcon.colcon_core.environment:checking '/home/om/gesture_bot/install/new_robot_firmware' for CMake module files
[7.919s] DEBUG:colcon.colcon_core.event_handler.log_command:Invoked command in '/home/om/gesture_bot/build/new_robot_firmware' returned '0': CMAKE_PREFIX_PATH=${CMAKE_PREFIX_PATH}:/home/om/slambot/install/gesture_control:/home/om/slambot/install/ges_control:/opt/ros/humble /usr/bin/cmake --install /home/om/gesture_bot/build/new_robot_firmware
[7.920s] Level 1:colcon.colcon_core.environment:checking '/home/om/gesture_bot/install/new_robot_firmware' for CMake config files
[7.920s] Level 1:colcon.colcon_core.shell:create_environment_hook('new_robot_firmware', 'cmake_prefix_path')
[7.920s] INFO:colcon.colcon_core.shell:Creating environment hook '/home/om/gesture_bot/install/new_robot_firmware/share/new_robot_firmware/hook/cmake_prefix_path.ps1'
[7.921s] INFO:colcon.colcon_core.shell:Creating environment descriptor '/home/om/gesture_bot/install/new_robot_firmware/share/new_robot_firmware/hook/cmake_prefix_path.dsv'
[7.921s] INFO:colcon.colcon_core.shell:Creating environment hook '/home/om/gesture_bot/install/new_robot_firmware/share/new_robot_firmware/hook/cmake_prefix_path.sh'
[7.922s] Level 1:colcon.colcon_core.environment:checking '/home/om/gesture_bot/install/new_robot_firmware/lib'
[7.922s] Level 1:colcon.colcon_core.shell:create_environment_hook('new_robot_firmware', 'ld_library_path_lib')
[7.922s] INFO:colcon.colcon_core.shell:Creating environment hook '/home/om/gesture_bot/install/new_robot_firmware/share/new_robot_firmware/hook/ld_library_path_lib.ps1'
[7.923s] INFO:colcon.colcon_core.shell:Creating environment descriptor '/home/om/gesture_bot/install/new_robot_firmware/share/new_robot_firmware/hook/ld_library_path_lib.dsv'
[7.923s] INFO:colcon.colcon_core.shell:Creating environment hook '/home/om/gesture_bot/install/new_robot_firmware/share/new_robot_firmware/hook/ld_library_path_lib.sh'
[7.923s] Level 1:colcon.colcon_core.environment:checking '/home/om/gesture_bot/install/new_robot_firmware/bin'
[7.923s] Level 1:colcon.colcon_core.environment:checking '/home/om/gesture_bot/install/new_robot_firmware/lib/pkgconfig/new_robot_firmware.pc'
[7.924s] Level 1:colcon.colcon_core.environment:checking '/home/om/gesture_bot/install/new_robot_firmware/lib/python3.10/site-packages'
[7.924s] Level 1:colcon.colcon_core.environment:checking '/home/om/gesture_bot/install/new_robot_firmware/bin'
[7.924s] INFO:colcon.colcon_core.shell:Creating package script '/home/om/gesture_bot/install/new_robot_firmware/share/new_robot_firmware/package.ps1'
[7.925s] INFO:colcon.colcon_core.shell:Creating package descriptor '/home/om/gesture_bot/install/new_robot_firmware/share/new_robot_firmware/package.dsv'
[7.925s] INFO:colcon.colcon_core.shell:Creating package script '/home/om/gesture_bot/install/new_robot_firmware/share/new_robot_firmware/package.sh'
[7.926s] INFO:colcon.colcon_core.shell:Creating package script '/home/om/gesture_bot/install/new_robot_firmware/share/new_robot_firmware/package.bash'
[7.926s] INFO:colcon.colcon_core.shell:Creating package script '/home/om/gesture_bot/install/new_robot_firmware/share/new_robot_firmware/package.zsh'
[7.926s] Level 1:colcon.colcon_core.environment:create_file_with_runtime_dependencies(/home/om/gesture_bot/install/new_robot_firmware/share/colcon-core/packages/new_robot_firmware)
[7.962s] Level 1:colcon.colcon_core.environment:create_environment_scripts_only(new_robot_firmware)
[7.963s] Level 1:colcon.colcon_core.environment:checking '/home/om/gesture_bot/install/new_robot_firmware' for CMake module files
[7.963s] Level 1:colcon.colcon_core.environment:checking '/home/om/gesture_bot/install/new_robot_firmware' for CMake config files
[7.963s] Level 1:colcon.colcon_core.shell:create_environment_hook('new_robot_firmware', 'cmake_prefix_path')
[7.964s] INFO:colcon.colcon_core.shell:Creating environment hook '/home/om/gesture_bot/install/new_robot_firmware/share/new_robot_firmware/hook/cmake_prefix_path.ps1'
[7.964s] INFO:colcon.colcon_core.shell:Creating environment descriptor '/home/om/gesture_bot/install/new_robot_firmware/share/new_robot_firmware/hook/cmake_prefix_path.dsv'
[7.965s] INFO:colcon.colcon_core.shell:Creating environment hook '/home/om/gesture_bot/install/new_robot_firmware/share/new_robot_firmware/hook/cmake_prefix_path.sh'
[7.965s] Level 1:colcon.colcon_core.environment:checking '/home/om/gesture_bot/install/new_robot_firmware/lib'
[7.965s] Level 1:colcon.colcon_core.shell:create_environment_hook('new_robot_firmware', 'ld_library_path_lib')
[7.966s] INFO:colcon.colcon_core.shell:Creating environment hook '/home/om/gesture_bot/install/new_robot_firmware/share/new_robot_firmware/hook/ld_library_path_lib.ps1'
[7.966s] INFO:colcon.colcon_core.shell:Creating environment descriptor '/home/om/gesture_bot/install/new_robot_firmware/share/new_robot_firmware/hook/ld_library_path_lib.dsv'
[7.967s] INFO:colcon.colcon_core.shell:Creating environment hook '/home/om/gesture_bot/install/new_robot_firmware/share/new_robot_firmware/hook/ld_library_path_lib.sh'
[7.967s] Level 1:colcon.colcon_core.environment:checking '/home/om/gesture_bot/install/new_robot_firmware/bin'
[7.967s] Level 1:colcon.colcon_core.environment:checking '/home/om/gesture_bot/install/new_robot_firmware/lib/pkgconfig/new_robot_firmware.pc'
[7.967s] Level 1:colcon.colcon_core.environment:checking '/home/om/gesture_bot/install/new_robot_firmware/lib/python3.10/site-packages'
[7.968s] Level 1:colcon.colcon_core.environment:checking '/home/om/gesture_bot/install/new_robot_firmware/bin'
[7.968s] INFO:colcon.colcon_core.shell:Creating package script '/home/om/gesture_bot/install/new_robot_firmware/share/new_robot_firmware/package.ps1'
[7.969s] INFO:colcon.colcon_core.shell:Creating package descriptor '/home/om/gesture_bot/install/new_robot_firmware/share/new_robot_firmware/package.dsv'
[7.969s] INFO:colcon.colcon_core.shell:Creating package script '/home/om/gesture_bot/install/new_robot_firmware/share/new_robot_firmware/package.sh'
[7.970s] INFO:colcon.colcon_core.shell:Creating package script '/home/om/gesture_bot/install/new_robot_firmware/share/new_robot_firmware/package.bash'
[7.970s] INFO:colcon.colcon_core.shell:Creating package script '/home/om/gesture_bot/install/new_robot_firmware/share/new_robot_firmware/package.zsh'
[7.971s] Level 1:colcon.colcon_core.environment:create_file_with_runtime_dependencies(/home/om/gesture_bot/install/new_robot_firmware/share/colcon-core/packages/new_robot_firmware)
[12.390s] DEBUG:colcon.colcon_core.event_handler.log_command:Invoked command in '/home/om/gesture_bot/build/rplidar_ros' returned '0': CMAKE_PREFIX_PATH=${CMAKE_PREFIX_PATH}:/home/om/slambot/install/gesture_control:/home/om/slambot/install/ges_control:/opt/ros/humble /usr/bin/cmake --build /home/om/gesture_bot/build/rplidar_ros -- -j8 -l8
[12.430s] DEBUG:colcon.colcon_core.event_handler.log_command:Invoking command in '/home/om/gesture_bot/build/rplidar_ros': CMAKE_PREFIX_PATH=${CMAKE_PREFIX_PATH}:/home/om/slambot/install/gesture_control:/home/om/slambot/install/ges_control:/opt/ros/humble /usr/bin/cmake --install /home/om/gesture_bot/build/rplidar_ros
[12.445s] Level 1:colcon.colcon_core.environment:create_environment_scripts_only(rplidar_ros)
[12.446s] DEBUG:colcon.colcon_core.event_handler.log_command:Invoked command in '/home/om/gesture_bot/build/rplidar_ros' returned '0': CMAKE_PREFIX_PATH=${CMAKE_PREFIX_PATH}:/home/om/slambot/install/gesture_control:/home/om/slambot/install/ges_control:/opt/ros/humble /usr/bin/cmake --install /home/om/gesture_bot/build/rplidar_ros
[12.446s] Level 1:colcon.colcon_core.environment:checking '/home/om/gesture_bot/install/rplidar_ros' for CMake module files
[12.447s] Level 1:colcon.colcon_core.environment:checking '/home/om/gesture_bot/install/rplidar_ros' for CMake config files
[12.447s] Level 1:colcon.colcon_core.shell:create_environment_hook('rplidar_ros', 'cmake_prefix_path')
[12.447s] INFO:colcon.colcon_core.shell:Creating environment hook '/home/om/gesture_bot/install/rplidar_ros/share/rplidar_ros/hook/cmake_prefix_path.ps1'
[12.448s] INFO:colcon.colcon_core.shell:Creating environment descriptor '/home/om/gesture_bot/install/rplidar_ros/share/rplidar_ros/hook/cmake_prefix_path.dsv'
[12.448s] INFO:colcon.colcon_core.shell:Creating environment hook '/home/om/gesture_bot/install/rplidar_ros/share/rplidar_ros/hook/cmake_prefix_path.sh'
[12.449s] Level 1:colcon.colcon_core.environment:checking '/home/om/gesture_bot/install/rplidar_ros/lib'
[12.449s] Level 1:colcon.colcon_core.shell:create_environment_hook('rplidar_ros', 'ld_library_path_lib')
[12.449s] INFO:colcon.colcon_core.shell:Creating environment hook '/home/om/gesture_bot/install/rplidar_ros/share/rplidar_ros/hook/ld_library_path_lib.ps1'
[12.449s] INFO:colcon.colcon_core.shell:Creating environment descriptor '/home/om/gesture_bot/install/rplidar_ros/share/rplidar_ros/hook/ld_library_path_lib.dsv'
[12.449s] INFO:colcon.colcon_core.shell:Creating environment hook '/home/om/gesture_bot/install/rplidar_ros/share/rplidar_ros/hook/ld_library_path_lib.sh'
[12.450s] Level 1:colcon.colcon_core.environment:checking '/home/om/gesture_bot/install/rplidar_ros/bin'
[12.450s] Level 1:colcon.colcon_core.environment:checking '/home/om/gesture_bot/install/rplidar_ros/lib/pkgconfig/rplidar_ros.pc'
[12.450s] Level 1:colcon.colcon_core.environment:checking '/home/om/gesture_bot/install/rplidar_ros/lib/python3.10/site-packages'
[12.450s] Level 1:colcon.colcon_core.environment:checking '/home/om/gesture_bot/install/rplidar_ros/bin'
[12.450s] INFO:colcon.colcon_core.shell:Creating package script '/home/om/gesture_bot/install/rplidar_ros/share/rplidar_ros/package.ps1'
[12.451s] INFO:colcon.colcon_core.shell:Creating package descriptor '/home/om/gesture_bot/install/rplidar_ros/share/rplidar_ros/package.dsv'
[12.451s] INFO:colcon.colcon_core.shell:Creating package script '/home/om/gesture_bot/install/rplidar_ros/share/rplidar_ros/package.sh'
[12.452s] INFO:colcon.colcon_core.shell:Creating package script '/home/om/gesture_bot/install/rplidar_ros/share/rplidar_ros/package.bash'
[12.452s] INFO:colcon.colcon_core.shell:Creating package script '/home/om/gesture_bot/install/rplidar_ros/share/rplidar_ros/package.zsh'
[12.452s] Level 1:colcon.colcon_core.environment:create_file_with_runtime_dependencies(/home/om/gesture_bot/install/rplidar_ros/share/colcon-core/packages/rplidar_ros)
[12.491s] Level 1:colcon.colcon_core.environment:create_environment_scripts_only(rplidar_ros)
[12.491s] Level 1:colcon.colcon_core.environment:checking '/home/om/gesture_bot/install/rplidar_ros' for CMake module files
[12.492s] Level 1:colcon.colcon_core.environment:checking '/home/om/gesture_bot/install/rplidar_ros' for CMake config files
[12.492s] Level 1:colcon.colcon_core.shell:create_environment_hook('rplidar_ros', 'cmake_prefix_path')
[12.492s] INFO:colcon.colcon_core.shell:Creating environment hook '/home/om/gesture_bot/install/rplidar_ros/share/rplidar_ros/hook/cmake_prefix_path.ps1'
[12.493s] INFO:colcon.colcon_core.shell:Creating environment descriptor '/home/om/gesture_bot/install/rplidar_ros/share/rplidar_ros/hook/cmake_prefix_path.dsv'
[12.493s] INFO:colcon.colcon_core.shell:Creating environment hook '/home/om/gesture_bot/install/rplidar_ros/share/rplidar_ros/hook/cmake_prefix_path.sh'
[12.494s] Level 1:colcon.colcon_core.environment:checking '/home/om/gesture_bot/install/rplidar_ros/lib'
[12.494s] Level 1:colcon.colcon_core.shell:create_environment_hook('rplidar_ros', 'ld_library_path_lib')
[12.494s] INFO:colcon.colcon_core.shell:Creating environment hook '/home/om/gesture_bot/install/rplidar_ros/share/rplidar_ros/hook/ld_library_path_lib.ps1'
[12.494s] INFO:colcon.colcon_core.shell:Creating environment descriptor '/home/om/gesture_bot/install/rplidar_ros/share/rplidar_ros/hook/ld_library_path_lib.dsv'
[12.494s] INFO:colcon.colcon_core.shell:Creating environment hook '/home/om/gesture_bot/install/rplidar_ros/share/rplidar_ros/hook/ld_library_path_lib.sh'
[12.495s] Level 1:colcon.colcon_core.environment:checking '/home/om/gesture_bot/install/rplidar_ros/bin'
[12.495s] Level 1:colcon.colcon_core.environment:checking '/home/om/gesture_bot/install/rplidar_ros/lib/pkgconfig/rplidar_ros.pc'
[12.495s] Level 1:colcon.colcon_core.environment:checking '/home/om/gesture_bot/install/rplidar_ros/lib/python3.10/site-packages'
[12.495s] Level 1:colcon.colcon_core.environment:checking '/home/om/gesture_bot/install/rplidar_ros/bin'
[12.495s] INFO:colcon.colcon_core.shell:Creating package script '/home/om/gesture_bot/install/rplidar_ros/share/rplidar_ros/package.ps1'
[12.496s] INFO:colcon.colcon_core.shell:Creating package descriptor '/home/om/gesture_bot/install/rplidar_ros/share/rplidar_ros/package.dsv'
[12.497s] INFO:colcon.colcon_core.shell:Creating package script '/home/om/gesture_bot/install/rplidar_ros/share/rplidar_ros/package.sh'
[12.497s] INFO:colcon.colcon_core.shell:Creating package script '/home/om/gesture_bot/install/rplidar_ros/share/rplidar_ros/package.bash'
[12.498s] INFO:colcon.colcon_core.shell:Creating package script '/home/om/gesture_bot/install/rplidar_ros/share/rplidar_ros/package.zsh'
[12.498s] Level 1:colcon.colcon_core.environment:create_file_with_runtime_dependencies(/home/om/gesture_bot/install/rplidar_ros/share/colcon-core/packages/rplidar_ros)
[16.392s] DEBUG:colcon.colcon_core.event_handler.log_command:Invoked command in '/home/om/gesture_bot/build/new_robot_controller' returned '0': CMAKE_PREFIX_PATH=${CMAKE_PREFIX_PATH}:/home/om/slambot/install/gesture_control:/home/om/slambot/install/ges_control:/opt/ros/humble /usr/bin/cmake --build /home/om/gesture_bot/build/new_robot_controller -- -j8 -l8
[16.429s] DEBUG:colcon.colcon_core.event_handler.log_command:Invoking command in '/home/om/gesture_bot/build/new_robot_controller': CMAKE_PREFIX_PATH=${CMAKE_PREFIX_PATH}:/home/om/slambot/install/gesture_control:/home/om/slambot/install/ges_control:/opt/ros/humble /usr/bin/cmake --install /home/om/gesture_bot/build/new_robot_controller
[16.478s] Level 1:colcon.colcon_core.environment:create_environment_scripts_only(new_robot_controller)
[16.479s] DEBUG:colcon.colcon_core.event_handler.log_command:Invoked command in '/home/om/gesture_bot/build/new_robot_controller' returned '0': CMAKE_PREFIX_PATH=${CMAKE_PREFIX_PATH}:/home/om/slambot/install/gesture_control:/home/om/slambot/install/ges_control:/opt/ros/humble /usr/bin/cmake --install /home/om/gesture_bot/build/new_robot_controller
[16.479s] Level 1:colcon.colcon_core.environment:checking '/home/om/gesture_bot/install/new_robot_controller' for CMake module files
[16.479s] Level 1:colcon.colcon_core.environment:checking '/home/om/gesture_bot/install/new_robot_controller' for CMake config files
[16.480s] Level 1:colcon.colcon_core.shell:create_environment_hook('new_robot_controller', 'cmake_prefix_path')
[16.480s] INFO:colcon.colcon_core.shell:Creating environment hook '/home/om/gesture_bot/install/new_robot_controller/share/new_robot_controller/hook/cmake_prefix_path.ps1'
[16.480s] INFO:colcon.colcon_core.shell:Creating environment descriptor '/home/om/gesture_bot/install/new_robot_controller/share/new_robot_controller/hook/cmake_prefix_path.dsv'
[16.480s] INFO:colcon.colcon_core.shell:Creating environment hook '/home/om/gesture_bot/install/new_robot_controller/share/new_robot_controller/hook/cmake_prefix_path.sh'
[16.481s] Level 1:colcon.colcon_core.environment:checking '/home/om/gesture_bot/install/new_robot_controller/lib'
[16.481s] Level 1:colcon.colcon_core.environment:checking '/home/om/gesture_bot/install/new_robot_controller/bin'
[16.481s] Level 1:colcon.colcon_core.environment:checking '/home/om/gesture_bot/install/new_robot_controller/lib/pkgconfig/new_robot_controller.pc'
[16.481s] Level 1:colcon.colcon_core.environment:checking '/home/om/gesture_bot/install/new_robot_controller/lib/python3.10/site-packages'
[16.481s] Level 1:colcon.colcon_core.environment:checking '/home/om/gesture_bot/install/new_robot_controller/bin'
[16.481s] INFO:colcon.colcon_core.shell:Creating package script '/home/om/gesture_bot/install/new_robot_controller/share/new_robot_controller/package.ps1'
[16.481s] INFO:colcon.colcon_core.shell:Creating package descriptor '/home/om/gesture_bot/install/new_robot_controller/share/new_robot_controller/package.dsv'
[16.482s] INFO:colcon.colcon_core.shell:Creating package script '/home/om/gesture_bot/install/new_robot_controller/share/new_robot_controller/package.sh'
[16.482s] INFO:colcon.colcon_core.shell:Creating package script '/home/om/gesture_bot/install/new_robot_controller/share/new_robot_controller/package.bash'
[16.482s] INFO:colcon.colcon_core.shell:Creating package script '/home/om/gesture_bot/install/new_robot_controller/share/new_robot_controller/package.zsh'
[16.482s] Level 1:colcon.colcon_core.environment:create_file_with_runtime_dependencies(/home/om/gesture_bot/install/new_robot_controller/share/colcon-core/packages/new_robot_controller)
[16.511s] Level 1:colcon.colcon_core.environment:create_environment_scripts_only(new_robot_controller)
[16.511s] Level 1:colcon.colcon_core.environment:checking '/home/om/gesture_bot/install/new_robot_controller' for CMake module files
[16.511s] Level 1:colcon.colcon_core.environment:checking '/home/om/gesture_bot/install/new_robot_controller' for CMake config files
[16.511s] Level 1:colcon.colcon_core.shell:create_environment_hook('new_robot_controller', 'cmake_prefix_path')
[16.512s] INFO:colcon.colcon_core.shell:Creating environment hook '/home/om/gesture_bot/install/new_robot_controller/share/new_robot_controller/hook/cmake_prefix_path.ps1'
[16.512s] INFO:colcon.colcon_core.shell:Creating environment descriptor '/home/om/gesture_bot/install/new_robot_controller/share/new_robot_controller/hook/cmake_prefix_path.dsv'
[16.512s] INFO:colcon.colcon_core.shell:Creating environment hook '/home/om/gesture_bot/install/new_robot_controller/share/new_robot_controller/hook/cmake_prefix_path.sh'
[16.512s] Level 1:colcon.colcon_core.environment:checking '/home/om/gesture_bot/install/new_robot_controller/lib'
[16.513s] Level 1:colcon.colcon_core.environment:checking '/home/om/gesture_bot/install/new_robot_controller/bin'
[16.513s] Level 1:colcon.colcon_core.environment:checking '/home/om/gesture_bot/install/new_robot_controller/lib/pkgconfig/new_robot_controller.pc'
[16.513s] Level 1:colcon.colcon_core.environment:checking '/home/om/gesture_bot/install/new_robot_controller/lib/python3.10/site-packages'
[16.513s] Level 1:colcon.colcon_core.environment:checking '/home/om/gesture_bot/install/new_robot_controller/bin'
[16.513s] INFO:colcon.colcon_core.shell:Creating package script '/home/om/gesture_bot/install/new_robot_controller/share/new_robot_controller/package.ps1'
[16.513s] INFO:colcon.colcon_core.shell:Creating package descriptor '/home/om/gesture_bot/install/new_robot_controller/share/new_robot_controller/package.dsv'
[16.514s] INFO:colcon.colcon_core.shell:Creating package script '/home/om/gesture_bot/install/new_robot_controller/share/new_robot_controller/package.sh'
[16.514s] INFO:colcon.colcon_core.shell:Creating package script '/home/om/gesture_bot/install/new_robot_controller/share/new_robot_controller/package.bash'
[16.514s] INFO:colcon.colcon_core.shell:Creating package script '/home/om/gesture_bot/install/new_robot_controller/share/new_robot_controller/package.zsh'
[16.514s] Level 1:colcon.colcon_core.environment:create_file_with_runtime_dependencies(/home/om/gesture_bot/install/new_robot_controller/share/colcon-core/packages/new_robot_controller)
[16.515s] DEBUG:colcon.colcon_parallel_executor.executor.parallel:closing loop
[16.515s] DEBUG:colcon.colcon_parallel_executor.executor.parallel:loop closed
[16.515s] DEBUG:colcon.colcon_parallel_executor.executor.parallel:run_until_complete finished with '0'
[16.515s] DEBUG:colcon.colcon_core.event_reactor:joining thread
[16.523s] INFO:colcon.colcon_core.plugin_system:Skipping extension 'colcon_notification.desktop_notification.terminal_notifier': Not used on non-Darwin systems
[16.523s] INFO:colcon.colcon_core.plugin_system:Skipping extension 'colcon_notification.desktop_notification.win32': Not used on non-Windows systems
[16.523s] INFO:colcon.colcon_notification.desktop_notification:Sending desktop notification using 'notify2'
[16.535s] DEBUG:colcon.colcon_core.event_reactor:joined thread
[16.535s] INFO:colcon.colcon_core.shell:Creating prefix script '/home/om/gesture_bot/install/local_setup.ps1'
[16.536s] INFO:colcon.colcon_core.shell:Creating prefix util module '/home/om/gesture_bot/install/_local_setup_util_ps1.py'
[16.537s] INFO:colcon.colcon_core.shell:Creating prefix chain script '/home/om/gesture_bot/install/setup.ps1'
[16.539s] INFO:colcon.colcon_core.shell:Creating prefix script '/home/om/gesture_bot/install/local_setup.sh'
[16.539s] INFO:colcon.colcon_core.shell:Creating prefix util module '/home/om/gesture_bot/install/_local_setup_util_sh.py'
[16.540s] INFO:colcon.colcon_core.shell:Creating prefix chain script '/home/om/gesture_bot/install/setup.sh'
[16.541s] INFO:colcon.colcon_core.shell:Creating prefix script '/home/om/gesture_bot/install/local_setup.bash'
[16.541s] INFO:colcon.colcon_core.shell:Creating prefix chain script '/home/om/gesture_bot/install/setup.bash'
[16.542s] INFO:colcon.colcon_core.shell:Creating prefix script '/home/om/gesture_bot/install/local_setup.zsh'
[16.543s] INFO:colcon.colcon_core.shell:Creating prefix chain script '/home/om/gesture_bot/install/setup.zsh'
