/home/om/gesture_bot/install/gesture_control/lib/python3.10/site-packages/gesture_control/gesture_publisher.py
/home/om/gesture_bot/install/gesture_control/lib/python3.10/site-packages/gesture_control/gesture.py
/home/om/gesture_bot/install/gesture_control/lib/python3.10/site-packages/gesture_control/gesture_no_baysian.py
/home/om/gesture_bot/install/gesture_control/lib/python3.10/site-packages/gesture_control/__init__.py
/home/om/gesture_bot/install/gesture_control/lib/python3.10/site-packages/gesture_control/gesture_display.py
/home/om/gesture_bot/install/gesture_control/lib/python3.10/site-packages/gesture_control/__pycache__/gesture_publisher.cpython-310.pyc
/home/om/gesture_bot/install/gesture_control/lib/python3.10/site-packages/gesture_control/__pycache__/gesture.cpython-310.pyc
/home/om/gesture_bot/install/gesture_control/lib/python3.10/site-packages/gesture_control/__pycache__/gesture_no_baysian.cpython-310.pyc
/home/om/gesture_bot/install/gesture_control/lib/python3.10/site-packages/gesture_control/__pycache__/__init__.cpython-310.pyc
/home/om/gesture_bot/install/gesture_control/lib/python3.10/site-packages/gesture_control/__pycache__/gesture_display.cpython-310.pyc
/home/om/gesture_bot/install/gesture_control/share/ament_index/resource_index/packages/gesture_control
/home/om/gesture_bot/install/gesture_control/share/gesture_control/package.xml
/home/om/gesture_bot/install/gesture_control/lib/python3.10/site-packages/gesture_control-0.0.0-py3.10.egg-info/PKG-INFO
/home/om/gesture_bot/install/gesture_control/lib/python3.10/site-packages/gesture_control-0.0.0-py3.10.egg-info/entry_points.txt
/home/om/gesture_bot/install/gesture_control/lib/python3.10/site-packages/gesture_control-0.0.0-py3.10.egg-info/dependency_links.txt
/home/om/gesture_bot/install/gesture_control/lib/python3.10/site-packages/gesture_control-0.0.0-py3.10.egg-info/SOURCES.txt
/home/om/gesture_bot/install/gesture_control/lib/python3.10/site-packages/gesture_control-0.0.0-py3.10.egg-info/requires.txt
/home/om/gesture_bot/install/gesture_control/lib/python3.10/site-packages/gesture_control-0.0.0-py3.10.egg-info/zip-safe
/home/om/gesture_bot/install/gesture_control/lib/python3.10/site-packages/gesture_control-0.0.0-py3.10.egg-info/top_level.txt
/home/om/gesture_bot/install/gesture_control/lib/gesture_control/gesture_publisher
