[0.396s] Invoking command in '/home/om/gesture_bot/build/new_practice_bringup': CMAKE_PREFIX_PATH=${CMAKE_PREFIX_PATH}:/home/om/slambot/install/gesture_control:/home/om/slambot/install/ges_control:/opt/ros/humble /usr/bin/cmake /home/om/gesture_bot/src/new_practice_bringup -DCMAKE_INSTALL_PREFIX=/home/om/gesture_bot/install/new_practice_bringup
[0.516s] -- The C compiler identification is GNU 11.4.0
[0.635s] -- The CXX compiler identification is GNU 11.4.0
[0.656s] -- Detecting C compiler ABI info
[0.823s] -- Detecting C compiler ABI info - done
[0.839s] -- Check for working C compiler: /usr/bin/cc - skipped
[0.840s] -- Detecting C compile features
[0.841s] -- Detecting C compile features - done
[0.844s] -- Detecting CXX compiler ABI info
[0.999s] -- Detecting CXX compiler ABI info - done
[1.009s] -- Check for working CXX compiler: /usr/bin/c++ - skipped
[1.009s] -- Detecting CXX compile features
[1.009s] -- Detecting CXX compile features - done
[1.016s] -- Found ament_cmake: 1.3.10 (/opt/ros/humble/share/ament_cmake/cmake)
[1.291s] -- Found Python3: /usr/bin/python3 (found version "3.10.12") found components: Interpreter 
[1.563s] -- Configuring done
[1.566s] -- Generating done
[1.570s] -- Build files have been written to: /home/om/gesture_bot/build/new_practice_bringup
[1.574s] Invoked command in '/home/om/gesture_bot/build/new_practice_bringup' returned '0': CMAKE_PREFIX_PATH=${CMAKE_PREFIX_PATH}:/home/om/slambot/install/gesture_control:/home/om/slambot/install/ges_control:/opt/ros/humble /usr/bin/cmake /home/om/gesture_bot/src/new_practice_bringup -DCMAKE_INSTALL_PREFIX=/home/om/gesture_bot/install/new_practice_bringup
[1.576s] Invoking command in '/home/om/gesture_bot/build/new_practice_bringup': CMAKE_PREFIX_PATH=${CMAKE_PREFIX_PATH}:/home/om/slambot/install/gesture_control:/home/om/slambot/install/ges_control:/opt/ros/humble /usr/bin/cmake --build /home/om/gesture_bot/build/new_practice_bringup -- -j8 -l8
[1.644s] Invoked command in '/home/om/gesture_bot/build/new_practice_bringup' returned '0': CMAKE_PREFIX_PATH=${CMAKE_PREFIX_PATH}:/home/om/slambot/install/gesture_control:/home/om/slambot/install/ges_control:/opt/ros/humble /usr/bin/cmake --build /home/om/gesture_bot/build/new_practice_bringup -- -j8 -l8
[1.680s] Invoking command in '/home/om/gesture_bot/build/new_practice_bringup': CMAKE_PREFIX_PATH=${CMAKE_PREFIX_PATH}:/home/om/slambot/install/gesture_control:/home/om/slambot/install/ges_control:/opt/ros/humble /usr/bin/cmake --install /home/om/gesture_bot/build/new_practice_bringup
[1.694s] -- Install configuration: ""
[1.695s] -- Installing: /home/om/gesture_bot/install/new_practice_bringup/share/new_practice_bringup//launch
[1.695s] -- Installing: /home/om/gesture_bot/install/new_practice_bringup/share/new_practice_bringup//launch/sim_robot_bringup.launch.py
[1.695s] -- Installing: /home/om/gesture_bot/install/new_practice_bringup/share/new_practice_bringup//launch/real_robot_bringup.launch.py
[1.695s] -- Installing: /home/om/gesture_bot/install/new_practice_bringup/share/new_practice_bringup//launch/new_bringup.launch.xml
[1.695s] -- Installing: /home/om/gesture_bot/install/new_practice_bringup/share/new_practice_bringup//rviz
[1.695s] -- Installing: /home/om/gesture_bot/install/new_practice_bringup/share/new_practice_bringup//rviz/camera.rviz
[1.695s] -- Installing: /home/om/gesture_bot/install/new_practice_bringup/share/new_practice_bringup//rviz/mapping.rviz
[1.695s] -- Installing: /home/om/gesture_bot/install/new_practice_bringup/share/new_practice_bringup//rviz/urdf_config.rviz
[1.695s] -- Installing: /home/om/gesture_bot/install/new_practice_bringup/share/new_practice_bringup//world
[1.695s] -- Installing: /home/om/gesture_bot/install/new_practice_bringup/share/new_practice_bringup//world/my_world
[1.696s] -- Installing: /home/om/gesture_bot/install/new_practice_bringup/share/ament_index/resource_index/package_run_dependencies/new_practice_bringup
[1.696s] -- Installing: /home/om/gesture_bot/install/new_practice_bringup/share/ament_index/resource_index/parent_prefix_path/new_practice_bringup
[1.696s] -- Installing: /home/om/gesture_bot/install/new_practice_bringup/share/new_practice_bringup/environment/ament_prefix_path.sh
[1.696s] -- Installing: /home/om/gesture_bot/install/new_practice_bringup/share/new_practice_bringup/environment/ament_prefix_path.dsv
[1.697s] -- Installing: /home/om/gesture_bot/install/new_practice_bringup/share/new_practice_bringup/environment/path.sh
[1.697s] -- Installing: /home/om/gesture_bot/install/new_practice_bringup/share/new_practice_bringup/environment/path.dsv
[1.697s] -- Installing: /home/om/gesture_bot/install/new_practice_bringup/share/new_practice_bringup/local_setup.bash
[1.697s] -- Installing: /home/om/gesture_bot/install/new_practice_bringup/share/new_practice_bringup/local_setup.sh
[1.697s] -- Installing: /home/om/gesture_bot/install/new_practice_bringup/share/new_practice_bringup/local_setup.zsh
[1.697s] -- Installing: /home/om/gesture_bot/install/new_practice_bringup/share/new_practice_bringup/local_setup.dsv
[1.697s] -- Installing: /home/om/gesture_bot/install/new_practice_bringup/share/new_practice_bringup/package.dsv
[1.698s] -- Installing: /home/om/gesture_bot/install/new_practice_bringup/share/ament_index/resource_index/packages/new_practice_bringup
[1.698s] -- Installing: /home/om/gesture_bot/install/new_practice_bringup/share/new_practice_bringup/cmake/new_practice_bringupConfig.cmake
[1.698s] -- Installing: /home/om/gesture_bot/install/new_practice_bringup/share/new_practice_bringup/cmake/new_practice_bringupConfig-version.cmake
[1.698s] -- Installing: /home/om/gesture_bot/install/new_practice_bringup/share/new_practice_bringup/package.xml
[1.701s] Invoked command in '/home/om/gesture_bot/build/new_practice_bringup' returned '0': CMAKE_PREFIX_PATH=${CMAKE_PREFIX_PATH}:/home/om/slambot/install/gesture_control:/home/om/slambot/install/ges_control:/opt/ros/humble /usr/bin/cmake --install /home/om/gesture_bot/build/new_practice_bringup
