-- The C compiler identification is GNU 11.4.0
-- The CXX compiler identification is GNU 11.4.0
-- Detecting C compiler ABI info
-- Detecting C compiler ABI info - done
-- Check for working C compiler: /usr/bin/cc - skipped
-- Detecting C compile features
-- Detecting C compile features - done
-- Detecting CXX compiler ABI info
-- Detecting CXX compiler ABI info - done
-- Check for working CXX compiler: /usr/bin/c++ - skipped
-- Detecting CXX compile features
-- Detecting CXX compile features - done
-- Found ament_cmake: 1.3.10 (/opt/ros/humble/share/ament_cmake/cmake)
-- Found Python3: /usr/bin/python3 (found version "3.10.12") found components: Interpreter 
-- Found rclcpp: 16.0.10 (/opt/ros/humble/share/rclcpp/cmake)
-- Found rosidl_generator_c: 3.1.5 (/opt/ros/humble/share/rosidl_generator_c/cmake)
-- Found rosidl_adapter: 3.1.5 (/opt/ros/humble/share/rosidl_adapter/cmake)
-- Found rosidl_generator_cpp: 3.1.5 (/opt/ros/humble/share/rosidl_generator_cpp/cmake)
-- Using all available rosidl_typesupport_c: rosidl_typesupport_fastrtps_c;rosidl_typesupport_introspection_c
-- Using all available rosidl_typesupport_cpp: rosidl_typesupport_fastrtps_cpp;rosidl_typesupport_introspection_cpp
-- Found rmw_implementation_cmake: 6.1.2 (/opt/ros/humble/share/rmw_implementation_cmake/cmake)
-- Found rmw_fastrtps_cpp: 6.2.7 (/opt/ros/humble/share/rmw_fastrtps_cpp/cmake)
-- Found OpenSSL: /usr/lib/x86_64-linux-gnu/libcrypto.so (found version "3.0.2")  
-- Found FastRTPS: /opt/ros/humble/include  
-- Using RMW implementation 'rmw_fastrtps_cpp' as default
-- Looking for pthread.h
-- Looking for pthread.h - found
-- Performing Test CMAKE_HAVE_LIBC_PTHREAD
-- Performing Test CMAKE_HAVE_LIBC_PTHREAD - Success
-- Found Threads: TRUE  
-- Found rclpy: 3.3.14 (/opt/ros/humble/share/rclpy/cmake)
-- Found hardware_interface: 2.43.0 (/opt/ros/humble/share/hardware_interface/cmake)
-- Found PkgConfig: /usr/bin/pkg-config (found version "0.29.2") 
-- Checking for module 'libserial'
--   Found libserial, version 1.0.0
-- Found ament_lint_auto: 0.12.11 (/opt/ros/humble/share/ament_lint_auto/cmake)
-- Added test 'cppcheck' to perform static code analysis on C / C++ code
-- Configured cppcheck include dirs: /home/om/gesture_bot/src/new_robot_firmware/include
-- Configured cppcheck exclude dirs and/or files: 
-- Added test 'flake8' to check Python code syntax and style conventions
-- Added test 'lint_cmake' to check CMake code style
-- Added test 'pep257' to check Python code against some of the docstring style conventions in PEP 257
-- Added test 'uncrustify' to check C / C++ code style
-- Configured uncrustify additional arguments: 
-- Added test 'xmllint' to check XML markup files
-- Configuring done
-- Generating done
-- Build files have been written to: /home/om/gesture_bot/build/new_robot_firmware
[ 50%] [32mBuilding CXX object CMakeFiles/new_robot_firmware.dir/src/new_robot_interface.cpp.o[0m
[100%] [32m[1mLinking CXX shared library libnew_robot_firmware.so[0m
[100%] Built target new_robot_firmware
-- Install configuration: ""
-- Installing: /home/om/gesture_bot/install/new_robot_firmware/share/new_robot_firmware/new_robot_interface.xml
-- Installing: /home/om/gesture_bot/install/new_robot_firmware/lib/libnew_robot_firmware.so
-- Set runtime path of "/home/om/gesture_bot/install/new_robot_firmware/lib/libnew_robot_firmware.so" to ""
-- Installing: /home/om/gesture_bot/install/new_robot_firmware/include/include
-- Installing: /home/om/gesture_bot/install/new_robot_firmware/include/include/new_robot_firmware
-- Installing: /home/om/gesture_bot/install/new_robot_firmware/include/include/new_robot_firmware/new_robot_interface.hpp
-- Installing: /home/om/gesture_bot/install/new_robot_firmware/share/new_robot_firmware/launch
-- Installing: /home/om/gesture_bot/install/new_robot_firmware/share/new_robot_firmware/launch/hardware_interface.launch.py
-- Installing: /home/om/gesture_bot/install/new_robot_firmware/share/new_robot_firmware/environment/library_path.sh
-- Installing: /home/om/gesture_bot/install/new_robot_firmware/share/new_robot_firmware/environment/library_path.dsv
-- Installing: /home/om/gesture_bot/install/new_robot_firmware/share/ament_index/resource_index/package_run_dependencies/new_robot_firmware
-- Installing: /home/om/gesture_bot/install/new_robot_firmware/share/ament_index/resource_index/parent_prefix_path/new_robot_firmware
-- Installing: /home/om/gesture_bot/install/new_robot_firmware/share/new_robot_firmware/environment/ament_prefix_path.sh
-- Installing: /home/om/gesture_bot/install/new_robot_firmware/share/new_robot_firmware/environment/ament_prefix_path.dsv
-- Installing: /home/om/gesture_bot/install/new_robot_firmware/share/new_robot_firmware/environment/path.sh
-- Installing: /home/om/gesture_bot/install/new_robot_firmware/share/new_robot_firmware/environment/path.dsv
-- Installing: /home/om/gesture_bot/install/new_robot_firmware/share/new_robot_firmware/local_setup.bash
-- Installing: /home/om/gesture_bot/install/new_robot_firmware/share/new_robot_firmware/local_setup.sh
-- Installing: /home/om/gesture_bot/install/new_robot_firmware/share/new_robot_firmware/local_setup.zsh
-- Installing: /home/om/gesture_bot/install/new_robot_firmware/share/new_robot_firmware/local_setup.dsv
-- Installing: /home/om/gesture_bot/install/new_robot_firmware/share/new_robot_firmware/package.dsv
-- Installing: /home/om/gesture_bot/install/new_robot_firmware/share/ament_index/resource_index/packages/new_robot_firmware
-- Installing: /home/om/gesture_bot/install/new_robot_firmware/share/ament_index/resource_index/hardware_interface__pluginlib__plugin/new_robot_firmware
-- Installing: /home/om/gesture_bot/install/new_robot_firmware/share/new_robot_firmware/cmake/ament_cmake_export_include_directories-extras.cmake
-- Installing: /home/om/gesture_bot/install/new_robot_firmware/share/new_robot_firmware/cmake/ament_cmake_export_libraries-extras.cmake
-- Installing: /home/om/gesture_bot/install/new_robot_firmware/share/new_robot_firmware/cmake/ament_cmake_export_dependencies-extras.cmake
-- Installing: /home/om/gesture_bot/install/new_robot_firmware/share/new_robot_firmware/cmake/new_robot_firmwareConfig.cmake
-- Installing: /home/om/gesture_bot/install/new_robot_firmware/share/new_robot_firmware/cmake/new_robot_firmwareConfig-version.cmake
-- Installing: /home/om/gesture_bot/install/new_robot_firmware/share/new_robot_firmware/package.xml
