[0.387s] Invoking command in '/home/om/gesture_bot/build/new_robot_firmware': CMAKE_PREFIX_PATH=${CMAKE_PREFIX_PATH}:/home/om/slambot/install/gesture_control:/home/om/slambot/install/ges_control:/opt/ros/humble /usr/bin/cmake /home/om/gesture_bot/src/new_robot_firmware -DCMAKE_INSTALL_PREFIX=/home/om/gesture_bot/install/new_robot_firmware
[0.509s] -- The C compiler identification is GNU 11.4.0
[0.629s] -- The CXX compiler identification is GNU 11.4.0
[0.643s] -- Detecting C compiler ABI info
[0.835s] -- Detecting C compiler ABI info - done
[0.849s] -- Check for working C compiler: /usr/bin/cc - skipped
[0.849s] -- Detecting C compile features
[0.850s] -- Detecting C compile features - done
[0.855s] -- Detecting CXX compiler ABI info
[1.002s] -- Detecting CXX compiler ABI info - done
[1.012s] -- Check for working CXX compiler: /usr/bin/c++ - skipped
[1.013s] -- Detecting CXX compile features
[1.013s] -- Detecting CXX compile features - done
[1.019s] -- Found ament_cmake: 1.3.10 (/opt/ros/humble/share/ament_cmake/cmake)
[1.279s] -- Found Python3: /usr/bin/python3 (found version "3.10.12") found components: Interpreter 
[1.469s] -- Found rclcpp: 16.0.10 (/opt/ros/humble/share/rclcpp/cmake)
[1.569s] -- Found rosidl_generator_c: 3.1.5 (/opt/ros/humble/share/rosidl_generator_c/cmake)
[1.580s] -- Found rosidl_adapter: 3.1.5 (/opt/ros/humble/share/rosidl_adapter/cmake)
[1.601s] -- Found rosidl_generator_cpp: 3.1.5 (/opt/ros/humble/share/rosidl_generator_cpp/cmake)
[1.638s] -- Using all available rosidl_typesupport_c: rosidl_typesupport_fastrtps_c;rosidl_typesupport_introspection_c
[1.667s] -- Using all available rosidl_typesupport_cpp: rosidl_typesupport_fastrtps_cpp;rosidl_typesupport_introspection_cpp
[1.767s] -- Found rmw_implementation_cmake: 6.1.2 (/opt/ros/humble/share/rmw_implementation_cmake/cmake)
[1.775s] -- Found rmw_fastrtps_cpp: 6.2.7 (/opt/ros/humble/share/rmw_fastrtps_cpp/cmake)
[1.936s] -- Found OpenSSL: /usr/lib/x86_64-linux-gnu/libcrypto.so (found version "3.0.2")  
[1.979s] -- Found FastRTPS: /opt/ros/humble/include  
[2.038s] -- Using RMW implementation 'rmw_fastrtps_cpp' as default
[2.057s] -- Looking for pthread.h
[2.142s] -- Looking for pthread.h - found
[2.142s] -- Performing Test CMAKE_HAVE_LIBC_PTHREAD
[2.228s] -- Performing Test CMAKE_HAVE_LIBC_PTHREAD - Success
[2.229s] -- Found Threads: TRUE  
[2.315s] -- Found rclpy: 3.3.14 (/opt/ros/humble/share/rclpy/cmake)
[2.319s] -- Found hardware_interface: 2.43.0 (/opt/ros/humble/share/hardware_interface/cmake)
[2.583s] -- Found PkgConfig: /usr/bin/pkg-config (found version "0.29.2") 
[2.583s] -- Checking for module 'libserial'
[2.605s] --   Found libserial, version 1.0.0
[2.667s] -- Found ament_lint_auto: 0.12.11 (/opt/ros/humble/share/ament_lint_auto/cmake)
[2.787s] -- Added test 'cppcheck' to perform static code analysis on C / C++ code
[2.787s] -- Configured cppcheck include dirs: /home/om/gesture_bot/src/new_robot_firmware/include
[2.788s] -- Configured cppcheck exclude dirs and/or files: 
[2.790s] -- Added test 'flake8' to check Python code syntax and style conventions
[2.790s] -- Added test 'lint_cmake' to check CMake code style
[2.791s] -- Added test 'pep257' to check Python code against some of the docstring style conventions in PEP 257
[2.793s] -- Added test 'uncrustify' to check C / C++ code style
[2.793s] -- Configured uncrustify additional arguments: 
[2.797s] -- Added test 'xmllint' to check XML markup files
[2.799s] -- Configuring done
[2.876s] -- Generating done
[2.882s] -- Build files have been written to: /home/om/gesture_bot/build/new_robot_firmware
[2.909s] Invoked command in '/home/om/gesture_bot/build/new_robot_firmware' returned '0': CMAKE_PREFIX_PATH=${CMAKE_PREFIX_PATH}:/home/om/slambot/install/gesture_control:/home/om/slambot/install/ges_control:/opt/ros/humble /usr/bin/cmake /home/om/gesture_bot/src/new_robot_firmware -DCMAKE_INSTALL_PREFIX=/home/om/gesture_bot/install/new_robot_firmware
[2.912s] Invoking command in '/home/om/gesture_bot/build/new_robot_firmware': CMAKE_PREFIX_PATH=${CMAKE_PREFIX_PATH}:/home/om/slambot/install/gesture_control:/home/om/slambot/install/ges_control:/opt/ros/humble /usr/bin/cmake --build /home/om/gesture_bot/build/new_robot_firmware -- -j8 -l8
[3.040s] [ 50%] [32mBuilding CXX object CMakeFiles/new_robot_firmware.dir/src/new_robot_interface.cpp.o[0m
[7.068s] [100%] [32m[1mLinking CXX shared library libnew_robot_firmware.so[0m
[7.333s] [100%] Built target new_robot_firmware
[7.347s] Invoked command in '/home/om/gesture_bot/build/new_robot_firmware' returned '0': CMAKE_PREFIX_PATH=${CMAKE_PREFIX_PATH}:/home/om/slambot/install/gesture_control:/home/om/slambot/install/ges_control:/opt/ros/humble /usr/bin/cmake --build /home/om/gesture_bot/build/new_robot_firmware -- -j8 -l8
[7.388s] Invoking command in '/home/om/gesture_bot/build/new_robot_firmware': CMAKE_PREFIX_PATH=${CMAKE_PREFIX_PATH}:/home/om/slambot/install/gesture_control:/home/om/slambot/install/ges_control:/opt/ros/humble /usr/bin/cmake --install /home/om/gesture_bot/build/new_robot_firmware
[7.396s] -- Install configuration: ""
[7.397s] -- Installing: /home/om/gesture_bot/install/new_robot_firmware/share/new_robot_firmware/new_robot_interface.xml
[7.397s] -- Installing: /home/om/gesture_bot/install/new_robot_firmware/lib/libnew_robot_firmware.so
[7.399s] -- Set runtime path of "/home/om/gesture_bot/install/new_robot_firmware/lib/libnew_robot_firmware.so" to ""
[7.399s] -- Installing: /home/om/gesture_bot/install/new_robot_firmware/include/include
[7.399s] -- Installing: /home/om/gesture_bot/install/new_robot_firmware/include/include/new_robot_firmware
[7.399s] -- Installing: /home/om/gesture_bot/install/new_robot_firmware/include/include/new_robot_firmware/new_robot_interface.hpp
[7.399s] -- Installing: /home/om/gesture_bot/install/new_robot_firmware/share/new_robot_firmware/launch
[7.400s] -- Installing: /home/om/gesture_bot/install/new_robot_firmware/share/new_robot_firmware/launch/hardware_interface.launch.py
[7.400s] -- Installing: /home/om/gesture_bot/install/new_robot_firmware/share/new_robot_firmware/environment/library_path.sh
[7.400s] -- Installing: /home/om/gesture_bot/install/new_robot_firmware/share/new_robot_firmware/environment/library_path.dsv
[7.400s] -- Installing: /home/om/gesture_bot/install/new_robot_firmware/share/ament_index/resource_index/package_run_dependencies/new_robot_firmware
[7.400s] -- Installing: /home/om/gesture_bot/install/new_robot_firmware/share/ament_index/resource_index/parent_prefix_path/new_robot_firmware
[7.400s] -- Installing: /home/om/gesture_bot/install/new_robot_firmware/share/new_robot_firmware/environment/ament_prefix_path.sh
[7.400s] -- Installing: /home/om/gesture_bot/install/new_robot_firmware/share/new_robot_firmware/environment/ament_prefix_path.dsv
[7.401s] -- Installing: /home/om/gesture_bot/install/new_robot_firmware/share/new_robot_firmware/environment/path.sh
[7.401s] -- Installing: /home/om/gesture_bot/install/new_robot_firmware/share/new_robot_firmware/environment/path.dsv
[7.401s] -- Installing: /home/om/gesture_bot/install/new_robot_firmware/share/new_robot_firmware/local_setup.bash
[7.401s] -- Installing: /home/om/gesture_bot/install/new_robot_firmware/share/new_robot_firmware/local_setup.sh
[7.401s] -- Installing: /home/om/gesture_bot/install/new_robot_firmware/share/new_robot_firmware/local_setup.zsh
[7.401s] -- Installing: /home/om/gesture_bot/install/new_robot_firmware/share/new_robot_firmware/local_setup.dsv
[7.401s] -- Installing: /home/om/gesture_bot/install/new_robot_firmware/share/new_robot_firmware/package.dsv
[7.401s] -- Installing: /home/om/gesture_bot/install/new_robot_firmware/share/ament_index/resource_index/packages/new_robot_firmware
[7.402s] -- Installing: /home/om/gesture_bot/install/new_robot_firmware/share/ament_index/resource_index/hardware_interface__pluginlib__plugin/new_robot_firmware
[7.402s] -- Installing: /home/om/gesture_bot/install/new_robot_firmware/share/new_robot_firmware/cmake/ament_cmake_export_include_directories-extras.cmake
[7.402s] -- Installing: /home/om/gesture_bot/install/new_robot_firmware/share/new_robot_firmware/cmake/ament_cmake_export_libraries-extras.cmake
[7.402s] -- Installing: /home/om/gesture_bot/install/new_robot_firmware/share/new_robot_firmware/cmake/ament_cmake_export_dependencies-extras.cmake
[7.402s] -- Installing: /home/om/gesture_bot/install/new_robot_firmware/share/new_robot_firmware/cmake/new_robot_firmwareConfig.cmake
[7.402s] -- Installing: /home/om/gesture_bot/install/new_robot_firmware/share/new_robot_firmware/cmake/new_robot_firmwareConfig-version.cmake
[7.402s] -- Installing: /home/om/gesture_bot/install/new_robot_firmware/share/new_robot_firmware/package.xml
[7.405s] Invoked command in '/home/om/gesture_bot/build/new_robot_firmware' returned '0': CMAKE_PREFIX_PATH=${CMAKE_PREFIX_PATH}:/home/om/slambot/install/gesture_control:/home/om/slambot/install/ges_control:/opt/ros/humble /usr/bin/cmake --install /home/om/gesture_bot/build/new_robot_firmware
